Using pre-set license
Built from '2021.3/staging' branch; Version is '2021.3.6f1 (7da38d85baf6) revision 8233869'; Using compiler version '192829333'; Build Type 'Release'
OS: 'Windows 10  (10.0.19045) 64bit Core' Language: 'el' Physical Memory: 49067 MB
BatchMode: 1, IsHumanControllingUs: 0, StartBugReporterOnCrash: 0, Is64bit: 1, IsPro: 1

COMMAND LINE ARGUMENTS:
C:\Program Files\Unity\Hub\Editor\2021.3.6f1\Editor\Unity.exe
-adb2
-batchMode
-noUpm
-name
AssetImportWorker0
-projectPath
C:/Users/PC/My project
-logFile
Logs/AssetImportWorker0.log
-srvPort
49726
Successfully changed project path to: C:/Users/PC/My project
C:/Users/PC/My project
[UnityMemory] Configuration Parameters - Can be set up in boot.config
    "memorysetup-bucket-allocator-granularity=16"
    "memorysetup-bucket-allocator-bucket-count=8"
    "memorysetup-bucket-allocator-block-size=33554432"
    "memorysetup-bucket-allocator-block-count=8"
    "memorysetup-main-allocator-block-size=16777216"
    "memorysetup-thread-allocator-block-size=16777216"
    "memorysetup-gfx-main-allocator-block-size=16777216"
    "memorysetup-gfx-thread-allocator-block-size=16777216"
    "memorysetup-cache-allocator-block-size=4194304"
    "memorysetup-typetree-allocator-block-size=2097152"
    "memorysetup-profiler-bucket-allocator-granularity=16"
    "memorysetup-profiler-bucket-allocator-bucket-count=8"
    "memorysetup-profiler-bucket-allocator-block-size=33554432"
    "memorysetup-profiler-bucket-allocator-block-count=8"
    "memorysetup-profiler-allocator-block-size=16777216"
    "memorysetup-profiler-editor-allocator-block-size=1048576"
    "memorysetup-temp-allocator-size-main=16777216"
    "memorysetup-job-temp-allocator-block-size=2097152"
    "memorysetup-job-temp-allocator-block-size-background=1048576"
    "memorysetup-job-temp-allocator-reduction-small-platforms=262144"
    "memorysetup-temp-allocator-size-background-worker=32768"
    "memorysetup-temp-allocator-size-job-worker=262144"
    "memorysetup-temp-allocator-size-preload-manager=33554432"
    "memorysetup-temp-allocator-size-nav-mesh-worker=65536"
    "memorysetup-temp-allocator-size-audio-worker=65536"
    "memorysetup-temp-allocator-size-cloud-worker=32768"
    "memorysetup-temp-allocator-size-gi-baking-worker=262144"
    "memorysetup-temp-allocator-size-gfx=262144"
Refreshing native plugins compatible for Editor in 112.22 ms, found 3 plugins.
Preloading 0 native plugins for Editor in 0.00 ms.
Initialize engine version: 2021.3.6f1 (7da38d85baf6)
[Subsystems] Discovering subsystems at path C:/Program Files/Unity/Hub/Editor/2021.3.6f1/Editor/Data/Resources/UnitySubsystems
[Subsystems] Discovering subsystems at path C:/Users/PC/My project/Assets
GfxDevice: creating device client; threaded=0; jobified=0
Direct3D:
    Version:  Direct3D 11.0 [level 11.1]
    Renderer: NVIDIA GeForce RTX 3080 (ID=0x2206)
    Vendor:   NVIDIA
    VRAM:     10067 MB
    Driver:   31.0.15.3141
Initialize mono
Mono path[0] = 'C:/Program Files/Unity/Hub/Editor/2021.3.6f1/Editor/Data/Managed'
Mono path[1] = 'C:/Program Files/Unity/Hub/Editor/2021.3.6f1/Editor/Data/MonoBleedingEdge/lib/mono/unityjit-win32'
Mono config path = 'C:/Program Files/Unity/Hub/Editor/2021.3.6f1/Editor/Data/MonoBleedingEdge/etc'
Using monoOptions --debugger-agent=transport=dt_socket,embedding=1,server=y,suspend=n,address=127.0.0.1:56292
Begin MonoManager ReloadAssembly
Registering precompiled unity dll's ...
Register platform support module: C:/Program Files/Unity/Hub/Editor/2021.3.6f1/Editor/Data/PlaybackEngines/WindowsStandaloneSupport/UnityEditor.WindowsStandalone.Extensions.dll
Registered in 0.007344 seconds.
Native extension for WindowsStandalone target not found
Refreshing native plugins compatible for Editor in 77.52 ms, found 3 plugins.
Preloading 0 native plugins for Editor in 0.00 ms.
Mono: successfully reloaded assembly
- Completed reload, in  0.633 seconds
Domain Reload Profiling:
	ReloadAssembly (633ms)
		BeginReloadAssembly (84ms)
			ExecutionOrderSort (0ms)
			DisableScriptedObjects (0ms)
			BackupInstance (0ms)
			ReleaseScriptingObjects (0ms)
			CreateAndSetChildDomain (1ms)
		EndReloadAssembly (435ms)
			LoadAssemblies (82ms)
			RebuildTransferFunctionScriptingTraits (0ms)
			SetupTypeCache (103ms)
			ReleaseScriptCaches (0ms)
			RebuildScriptCaches (29ms)
			SetupLoadedEditorAssemblies (255ms)
				LogAssemblyErrors (0ms)
				InitializePlatformSupportModulesInManaged (7ms)
				SetLoadedEditorAssemblies (0ms)
				RefreshPlugins (78ms)
				BeforeProcessingInitializeOnLoad (1ms)
				ProcessInitializeOnLoadAttributes (127ms)
				ProcessInitializeOnLoadMethodAttributes (41ms)
				AfterProcessingInitializeOnLoad (0ms)
				EditorAssembliesLoaded (1ms)
			ExecutionOrderSort2 (0ms)
			AwakeInstancesAfterBackupRestoration (0ms)
Platform modules already initialized, skipping
Registering precompiled user dll's ...
Registered in 0.006133 seconds.
Begin MonoManager ReloadAssembly
Symbol file LoadedFromMemory doesn't match image C:\Users\PC\My project\Library\PackageCache\com.unity.visualscripting@1.7.8\Editor\VisualScripting.Core\Dependencies\YamlDotNet\Unity.VisualScripting.YamlDotNet.dll
Symbol file LoadedFromMemory doesn't match image C:\Users\PC\My project\Library\PackageCache\com.unity.visualscripting@1.7.8\Editor\VisualScripting.Core\Dependencies\DotNetZip\Unity.VisualScripting.IonicZip.dll
Native extension for WindowsStandalone target not found
Refreshing native plugins compatible for Editor in 0.71 ms, found 3 plugins.
Preloading 0 native plugins for Editor in 0.00 ms.
Mono: successfully reloaded assembly
- Completed reload, in  1.051 seconds
Domain Reload Profiling:
	ReloadAssembly (1052ms)
		BeginReloadAssembly (119ms)
			ExecutionOrderSort (0ms)
			DisableScriptedObjects (6ms)
			BackupInstance (0ms)
			ReleaseScriptingObjects (0ms)
			CreateAndSetChildDomain (19ms)
		EndReloadAssembly (822ms)
			LoadAssemblies (88ms)
			RebuildTransferFunctionScriptingTraits (0ms)
			SetupTypeCache (286ms)
			ReleaseScriptCaches (1ms)
			RebuildScriptCaches (53ms)
			SetupLoadedEditorAssemblies (353ms)
				LogAssemblyErrors (0ms)
				InitializePlatformSupportModulesInManaged (6ms)
				SetLoadedEditorAssemblies (0ms)
				RefreshPlugins (1ms)
				BeforeProcessingInitializeOnLoad (92ms)
				ProcessInitializeOnLoadAttributes (220ms)
				ProcessInitializeOnLoadMethodAttributes (25ms)
				AfterProcessingInitializeOnLoad (9ms)
				EditorAssembliesLoaded (0ms)
			ExecutionOrderSort2 (0ms)
			AwakeInstancesAfterBackupRestoration (6ms)
Platform modules already initialized, skipping
========================================================================
Worker process is ready to serve import requests
Launched and connected shader compiler UnityShaderCompiler.exe after 0.05 seconds
Refreshing native plugins compatible for Editor in 0.62 ms, found 3 plugins.
Preloading 0 native plugins for Editor in 0.00 ms.
Unloading 3368 Unused Serialized files (Serialized files now loaded: 0)
Unloading 27 unused Assets / (111.0 KB). Loaded Objects now: 3825.
Memory consumption went from 115.9 MB to 115.8 MB.
Total: 3.681200 ms (FindLiveObjects: 0.320800 ms CreateObjectMapping: 0.248700 ms MarkObjects: 3.003800 ms  DeleteObjects: 0.106600 ms)

AssetImportParameters requested are different than current active one (requested -> active):
  custom:video-decoder-ogg-theora: a1e56fd34408186e4bbccfd4996cb3dc -> 
  custom:container-muxer-webm: aa71ff27fc2769a1b78a27578f13a17b -> 
  custom:container-demuxer-webm: 4f35f7cbe854078d1ac9338744f61a02 -> 
  custom:video-encoder-webm-vp8: eb34c28f22e8b96e1ab97ce403110664 -> 
  custom:audio-encoder-webm-vorbis: bf7c407c2cedff20999df2af8eb42d56 -> 
  custom:framework-win-MediaFoundation: 216162199b28c13a410421893ffa2e32 -> 
  custom:container-demuxer-ogg: 62fdf1f143b41e24485cea50d1cbac27 -> 
  custom:video-decoder-webm-vp8: 9c59270c3fd7afecdb556c50c9e8de78 -> 
  custom:audio-decoder-ogg-vorbis: bf7c407c2cedff20999df2af8eb42d56 -> 
========================================================================
Received Import Request.
  Time since last request: 1302045.032771 seconds.
  path: Assets/InventoryGridIcons/ico_GearItem__CigarettePackLuckySmall.png
  artifactKey: Guid(8604a06cfedfc8b48962e9f84c77cb81) Importer(815301076,1909f56bfc062723c751e8b465ee728b)
Start importing Assets/InventoryGridIcons/ico_GearItem__CigarettePackLuckySmall.png using Guid(8604a06cfedfc8b48962e9f84c77cb81) Importer(815301076,1909f56bfc062723c751e8b465ee728b)  -> (artifact id: 'aba108f0c2fc68a370cf5e73c0e2c743') in 0.117792 seconds 
========================================================================
Received Import Request.
  Time since last request: 0.000022 seconds.
  path: Assets/InventoryGridIcons/ico_GearItem__CigaretteLucky.png
  artifactKey: Guid(a452b5b63d59273469860e8f0094b992) Importer(815301076,1909f56bfc062723c751e8b465ee728b)
Start importing Assets/InventoryGridIcons/ico_GearItem__CigaretteLucky.png using Guid(a452b5b63d59273469860e8f0094b992) Importer(815301076,1909f56bfc062723c751e8b465ee728b)  -> (artifact id: 'c9e375af17946675c9565a7ae6eb4a73') in 0.011380 seconds 
========================================================================
Received Import Request.
  Time since last request: 0.000024 seconds.
  path: Assets/InventoryGridIcons/ico_GearItem__CigarettePackLucky.png
  artifactKey: Guid(865290b170445d04e922e997f426590d) Importer(815301076,1909f56bfc062723c751e8b465ee728b)
Start importing Assets/InventoryGridIcons/ico_GearItem__CigarettePackLucky.png using Guid(865290b170445d04e922e997f426590d) Importer(815301076,1909f56bfc062723c751e8b465ee728b)  -> (artifact id: '426911eef0eaa13213c34ad05ee0df05') in 0.010238 seconds 
========================================================================
Received Import Request.
  Time since last request: 0.000017 seconds.
  path: Assets/InventoryGridIcons/ico_GearItem__Cigarette.png
  artifactKey: Guid(1f9eecfe43ab02243ada8fe858fde5a8) Importer(815301076,1909f56bfc062723c751e8b465ee728b)
Start importing Assets/InventoryGridIcons/ico_GearItem__Cigarette.png using Guid(1f9eecfe43ab02243ada8fe858fde5a8) Importer(815301076,1909f56bfc062723c751e8b465ee728b)  -> (artifact id: 'da83075e8636c5f0c25caab9d5053edc') in 0.007632 seconds 
========================================================================
Received Import Request.
  Time since last request: 23.165325 seconds.
  path: Assets/Models/cigaret.asset
  artifactKey: Guid(7aa7fd83352aa684a88dba3b2c321901) Importer(815301076,1909f56bfc062723c751e8b465ee728b)
Start importing Assets/Models/cigaret.asset using Guid(7aa7fd83352aa684a88dba3b2c321901) Importer(815301076,1909f56bfc062723c751e8b465ee728b)  -> (artifact id: '536860b42d70a16ed306a13205c701ff') in 0.288136 seconds 
========================================================================
Received Import Request.
  Time since last request: 0.000029 seconds.
  path: Assets/Models/CigarettesPack_LuckyStrike_20_LOD0.asset
  artifactKey: Guid(1d887c33bdd89884983db20fe486e2bf) Importer(815301076,1909f56bfc062723c751e8b465ee728b)
Start importing Assets/Models/CigarettesPack_LuckyStrike_20_LOD0.asset using Guid(1d887c33bdd89884983db20fe486e2bf) Importer(815301076,1909f56bfc062723c751e8b465ee728b)  -> (artifact id: '9dd13b9f0cd24cb00d284bbcfe92d254') in 0.010677 seconds 
========================================================================
Received Import Request.
  Time since last request: 0.000025 seconds.
  path: Assets/Models/Cigarette10.asset
  artifactKey: Guid(c5990292dd2f9c745bd4fc6bf051fea1) Importer(815301076,1909f56bfc062723c751e8b465ee728b)
Start importing Assets/Models/Cigarette10.asset using Guid(c5990292dd2f9c745bd4fc6bf051fea1) Importer(815301076,1909f56bfc062723c751e8b465ee728b)  -> (artifact id: 'b70bb05262a38f56992f034705bbf66e') in 0.013038 seconds 
========================================================================
Received Import Request.
  Time since last request: 0.000026 seconds.
  path: Assets/Models/Flint Wheel.asset
  artifactKey: Guid(cc5ebde1f36b3e7409bc4a1c6c49d39a) Importer(815301076,1909f56bfc062723c751e8b465ee728b)
Start importing Assets/Models/Flint Wheel.asset using Guid(cc5ebde1f36b3e7409bc4a1c6c49d39a) Importer(815301076,1909f56bfc062723c751e8b465ee728b)  -> (artifact id: 'de12555568eebf75b68bfaf0a3baea04') in 0.011501 seconds 
========================================================================
Received Import Request.
  Time since last request: 0.000025 seconds.
  path: Assets/Models/doha.prefab
  artifactKey: Guid(a3c42ca25d00a0f45885a0960b07ece1) Importer(815301076,1909f56bfc062723c751e8b465ee728b)
Start importing Assets/Models/doha.prefab using Guid(a3c42ca25d00a0f45885a0960b07ece1) Importer(815301076,1909f56bfc062723c751e8b465ee728b)  -> (artifact id: '23e7ea4cd50dd3476f0539a8279e29c0') in 0.049960 seconds 
========================================================================
Received Import Request.
  Time since last request: 0.000023 seconds.
  path: Assets/Models/Lighter.asset
  artifactKey: Guid(76fd248e4a7be274da14a8048962d327) Importer(815301076,1909f56bfc062723c751e8b465ee728b)
Start importing Assets/Models/Lighter.asset using Guid(76fd248e4a7be274da14a8048962d327) Importer(815301076,1909f56bfc062723c751e8b465ee728b)  -> (artifact id: 'f5fb7ab6140398a8e31611979c10168d') in 0.010057 seconds 
========================================================================
Received Import Request.
  Time since last request: 0.000024 seconds.
  path: Assets/Models/Cigarette02.asset
  artifactKey: Guid(543c8a24a45aa64499d8526b0d81a17b) Importer(815301076,1909f56bfc062723c751e8b465ee728b)
Start importing Assets/Models/Cigarette02.asset using Guid(543c8a24a45aa64499d8526b0d81a17b) Importer(815301076,1909f56bfc062723c751e8b465ee728b)  -> (artifact id: '9f774520753b363c8aa552426fe50c9f') in 0.010125 seconds 
========================================================================
Received Import Request.
  Time since last request: 0.000022 seconds.
  path: Assets/Models/Cigarette_01_LOD1.asset
  artifactKey: Guid(1dae77897a971514b9072df76e2b5678) Importer(815301076,1909f56bfc062723c751e8b465ee728b)
Start importing Assets/Models/Cigarette_01_LOD1.asset using Guid(1dae77897a971514b9072df76e2b5678) Importer(815301076,1909f56bfc062723c751e8b465ee728b)  -> (artifact id: '5f7b8f7b9884104ff76eef7697c73a67') in 0.009781 seconds 
========================================================================
Received Import Request.
  Time since last request: 0.000033 seconds.
  path: Assets/Models/Cigarette12.asset
  artifactKey: Guid(1e9a61de60313b14d8f6ba551be0e5d7) Importer(815301076,1909f56bfc062723c751e8b465ee728b)
Start importing Assets/Models/Cigarette12.asset using Guid(1e9a61de60313b14d8f6ba551be0e5d7) Importer(815301076,1909f56bfc062723c751e8b465ee728b)  -> (artifact id: '6e15fb4d384e26ae505c0b82e198571c') in 0.008992 seconds 
========================================================================
Received Import Request.
  Time since last request: 0.000044 seconds.
  path: Assets/Models/CigarettesPack_LuckyStrike_20.prefab
  artifactKey: Guid(f5be104cd92743945bfd01cd2c4590ce) Importer(815301076,1909f56bfc062723c751e8b465ee728b)
Start importing Assets/Models/CigarettesPack_LuckyStrike_20.prefab using Guid(f5be104cd92743945bfd01cd2c4590ce) Importer(815301076,1909f56bfc062723c751e8b465ee728b)  -> (artifact id: '0178645320e578a2d41f9792189c5e34') in 0.026205 seconds 
========================================================================
Received Import Request.
  Time since last request: 0.000028 seconds.
  path: Assets/Models/Cigarette08.asset
  artifactKey: Guid(5cfd118d865b3f547bfb350499916c4f) Importer(815301076,1909f56bfc062723c751e8b465ee728b)
Start importing Assets/Models/Cigarette08.asset using Guid(5cfd118d865b3f547bfb350499916c4f) Importer(815301076,1909f56bfc062723c751e8b465ee728b)  -> (artifact id: 'd04a470b20b5576dc7a4dd4e929da4c6') in 0.010666 seconds 
========================================================================
Received Import Request.
  Time since last request: 0.000026 seconds.
  path: Assets/Models/Safe_Card.asset
  artifactKey: Guid(28e7c97016754794f87a703533bbb350) Importer(815301076,1909f56bfc062723c751e8b465ee728b)
Start importing Assets/Models/Safe_Card.asset using Guid(28e7c97016754794f87a703533bbb350) Importer(815301076,1909f56bfc062723c751e8b465ee728b)  -> (artifact id: 'd0d88b454bc7b1578ef6792c134f74f3') in 0.008368 seconds 
========================================================================
Received Import Request.
  Time since last request: 0.000033 seconds.
  path: Assets/Models/doha_down.asset
  artifactKey: Guid(2203a5288eeb2af489912603429fbe20) Importer(815301076,1909f56bfc062723c751e8b465ee728b)
Start importing Assets/Models/doha_down.asset using Guid(2203a5288eeb2af489912603429fbe20) Importer(815301076,1909f56bfc062723c751e8b465ee728b)  -> (artifact id: '5207a438e5154ccb77f399045af0d70f') in 0.011039 seconds 
========================================================================
Received Import Request.
  Time since last request: 0.000024 seconds.
  path: Assets/Models/Cigarette15.asset
  artifactKey: Guid(ac81ce899be92804caabd5c5ebcb6c66) Importer(815301076,1909f56bfc062723c751e8b465ee728b)
Start importing Assets/Models/Cigarette15.asset using Guid(ac81ce899be92804caabd5c5ebcb6c66) Importer(815301076,1909f56bfc062723c751e8b465ee728b)  -> (artifact id: '366db341f5bb61f16307b287dd7536bc') in 0.008920 seconds 
========================================================================
Received Import Request.
  Time since last request: 0.000030 seconds.
  path: Assets/Models/CigarettesPack_LuckyStrike_4_Inside_LOD1.asset
  artifactKey: Guid(813bb89a1fadd294c874df408c98c95d) Importer(815301076,1909f56bfc062723c751e8b465ee728b)
Start importing Assets/Models/CigarettesPack_LuckyStrike_4_Inside_LOD1.asset using Guid(813bb89a1fadd294c874df408c98c95d) Importer(815301076,1909f56bfc062723c751e8b465ee728b)  -> (artifact id: '2dd6faa914ce5bdde721e38b8d3330cc') in 0.010310 seconds 
========================================================================
Received Import Request.
  Time since last request: 0.000024 seconds.
  path: Assets/Models/Fuel Lever.asset
  artifactKey: Guid(a8dd0a7a719a7044c99ec03c75718060) Importer(815301076,1909f56bfc062723c751e8b465ee728b)
Start importing Assets/Models/Fuel Lever.asset using Guid(a8dd0a7a719a7044c99ec03c75718060) Importer(815301076,1909f56bfc062723c751e8b465ee728b)  -> (artifact id: '3ca18c80422f3847a197dcff65bcad2d') in 0.009392 seconds 
========================================================================
Received Import Request.
  Time since last request: 15.106317 seconds.
  path: Assets/Prefabs/GEAR_CigaretteLucky.prefab
  artifactKey: Guid(b5a7e971f3c40234383d1e83f607710d) Importer(815301076,1909f56bfc062723c751e8b465ee728b)
Start importing Assets/Prefabs/GEAR_CigaretteLucky.prefab using Guid(b5a7e971f3c40234383d1e83f607710d) Importer(815301076,1909f56bfc062723c751e8b465ee728b)  -> (artifact id: '1a485f2b0ab3aa808fae3e0321127502') in 0.017746 seconds 
========================================================================
Received Import Request.
  Time since last request: 0.000017 seconds.
  path: Assets/Prefabs/GEAR_CigarettePackLuckySmall.prefab
  artifactKey: Guid(d16710d1b76b066469ee18cab4e8de2b) Importer(815301076,1909f56bfc062723c751e8b465ee728b)
Start importing Assets/Prefabs/GEAR_CigarettePackLuckySmall.prefab using Guid(d16710d1b76b066469ee18cab4e8de2b) Importer(815301076,1909f56bfc062723c751e8b465ee728b)  -> (artifact id: '075ad998863f85ad012d80e35ca90e4f') in 0.016302 seconds 
========================================================================
Received Import Request.
  Time since last request: 0.000022 seconds.
  path: Assets/Prefabs/GEAR_CigarettePackHappiness.prefab
  artifactKey: Guid(4bb95429c0b2e7647ab2b99f91ba435a) Importer(815301076,1909f56bfc062723c751e8b465ee728b)
Start importing Assets/Prefabs/GEAR_CigarettePackHappiness.prefab using Guid(4bb95429c0b2e7647ab2b99f91ba435a) Importer(815301076,1909f56bfc062723c751e8b465ee728b)  -> (artifact id: '72eaa13819c69581e2bd729834d5a08a') in 0.015255 seconds 
========================================================================
Received Import Request.
  Time since last request: 60.934965 seconds.
  path: Assets/Models/textures
  artifactKey: Guid(94ccf7af12e237c4ab96f9035689a3b5) Importer(815301076,1909f56bfc062723c751e8b465ee728b)
Start importing Assets/Models/textures using Guid(94ccf7af12e237c4ab96f9035689a3b5) Importer(815301076,1909f56bfc062723c751e8b465ee728b)  -> (artifact id: '89167c125d831106b5019fb1b1391bdc') in 0.001306 seconds 
========================================================================
Received Import Request.
  Time since last request: 0.032070 seconds.
  path: Assets/Models/textures/camel2.png
  artifactKey: Guid(67bac63b4a7da3342984da153b468006) Importer(815301076,1909f56bfc062723c751e8b465ee728b)
Start importing Assets/Models/textures/camel2.png using Guid(67bac63b4a7da3342984da153b468006) Importer(815301076,1909f56bfc062723c751e8b465ee728b)  -> (artifact id: 'e3237ea47fdca9a4781d972bf97ad7ca') in 0.007997 seconds 
========================================================================
Received Import Request.
  Time since last request: 0.003872 seconds.
  path: Assets/Models/textures/ultralights_text.png
  artifactKey: Guid(325891dcf0ae5294ab129feaaf342d79) Importer(815301076,1909f56bfc062723c751e8b465ee728b)
Start importing Assets/Models/textures/ultralights_text.png using Guid(325891dcf0ae5294ab129feaaf342d79) Importer(815301076,1909f56bfc062723c751e8b465ee728b)  -> (artifact id: 'f527c335429573e702503b0a8d8c6561') in 0.013884 seconds 
========================================================================
Received Import Request.
  Time since last request: 0.000020 seconds.
  path: Assets/Models/textures/doha.png
  artifactKey: Guid(31af3754c5585594586886aa5cd2bbb6) Importer(815301076,1909f56bfc062723c751e8b465ee728b)
Start importing Assets/Models/textures/doha.png using Guid(31af3754c5585594586886aa5cd2bbb6) Importer(815301076,1909f56bfc062723c751e8b465ee728b)  -> (artifact id: 'f218a4531dcbd4bf2d9d9f0f471d2fd7') in 0.011765 seconds 
========================================================================
Received Import Request.
  Time since last request: 1.808297 seconds.
  path: Assets/Models/materials
  artifactKey: Guid(52034151c2e5a96408974c5f4be36c75) Importer(815301076,1909f56bfc062723c751e8b465ee728b)
Start importing Assets/Models/materials using Guid(52034151c2e5a96408974c5f4be36c75) Importer(815301076,1909f56bfc062723c751e8b465ee728b)  -> (artifact id: 'c34e92c9a33db4e9eebfd87f9e5878de') in 0.001234 seconds 
========================================================================
Received Import Request.
  Time since last request: 0.027299 seconds.
  path: Assets/Models/materials/03 - Default.mat
  artifactKey: Guid(ebcaea922b6ba2946a7e3a19c395c22f) Importer(815301076,1909f56bfc062723c751e8b465ee728b)
Start importing Assets/Models/materials/03 - Default.mat using Guid(ebcaea922b6ba2946a7e3a19c395c22f) Importer(815301076,1909f56bfc062723c751e8b465ee728b)  -> (artifact id: 'dab7c6f554ba51bafae7bef82e2c651d') in 0.021767 seconds 
========================================================================
Received Import Request.
  Time since last request: 0.000015 seconds.
  path: Assets/Models/materials/US_Cigarettes_WWII_Material 3.mat
  artifactKey: Guid(e51133ce96a77ca498d183d65d6a12ff) Importer(815301076,1909f56bfc062723c751e8b465ee728b)
Start importing Assets/Models/materials/US_Cigarettes_WWII_Material 3.mat using Guid(e51133ce96a77ca498d183d65d6a12ff) Importer(815301076,1909f56bfc062723c751e8b465ee728b)  -> (artifact id: 'b9ff34b1227f27dc18f8d1e89b9ee254') in 0.010500 seconds 
========================================================================
Received Import Request.
  Time since last request: 0.000026 seconds.
  path: Assets/Models/materials/pack text.mat
  artifactKey: Guid(40370334f1589494f8629411c537fe9e) Importer(815301076,1909f56bfc062723c751e8b465ee728b)
Start importing Assets/Models/materials/pack text.mat using Guid(40370334f1589494f8629411c537fe9e) Importer(815301076,1909f56bfc062723c751e8b465ee728b)  -> (artifact id: '4015740ab80b8ff7e8ec8f99ee3a0eea') in 0.010842 seconds 
========================================================================
Received Import Request.
  Time since last request: 0.000023 seconds.
  path: Assets/Models/materials/US_Cigarettes_WWII_Material 1.mat
  artifactKey: Guid(b8b019fcaec04eb44bda5c30b370f507) Importer(815301076,1909f56bfc062723c751e8b465ee728b)
Start importing Assets/Models/materials/US_Cigarettes_WWII_Material 1.mat using Guid(b8b019fcaec04eb44bda5c30b370f507) Importer(815301076,1909f56bfc062723c751e8b465ee728b)  -> (artifact id: '4ac1b3f138951ac11b1ddd08887eebc9') in 0.008948 seconds 
========================================================================
Received Import Request.
  Time since last request: 0.000023 seconds.
  path: Assets/Models/materials/lighter.mat
  artifactKey: Guid(84fe377b690940e4e85d2c6d6a4d08b5) Importer(815301076,1909f56bfc062723c751e8b465ee728b)
Start importing Assets/Models/materials/lighter.mat using Guid(84fe377b690940e4e85d2c6d6a4d08b5) Importer(815301076,1909f56bfc062723c751e8b465ee728b)  -> (artifact id: '878755f2b6da4958186bae4c22014d00') in 0.008352 seconds 
========================================================================
Received Import Request.
  Time since last request: 0.000026 seconds.
  path: Assets/Models/materials/cigaretMat.mat
  artifactKey: Guid(98411e9614abebf478a4baa65f1b1145) Importer(815301076,1909f56bfc062723c751e8b465ee728b)
Start importing Assets/Models/materials/cigaretMat.mat using Guid(98411e9614abebf478a4baa65f1b1145) Importer(815301076,1909f56bfc062723c751e8b465ee728b)  -> (artifact id: 'da0c02a4d781221bdc1328659b5e121f') in 0.008278 seconds 
========================================================================
Received Prepare
Registering precompiled user dll's ...
Registered in 0.005920 seconds.
Begin MonoManager ReloadAssembly
Symbol file LoadedFromMemory doesn't match image C:\Users\PC\My project\Library\PackageCache\com.unity.visualscripting@1.7.8\Editor\VisualScripting.Core\Dependencies\YamlDotNet\Unity.VisualScripting.YamlDotNet.dll
Symbol file LoadedFromMemory doesn't match image C:\Users\PC\My project\Library\PackageCache\com.unity.visualscripting@1.7.8\Editor\VisualScripting.Core\Dependencies\DotNetZip\Unity.VisualScripting.IonicZip.dll
Native extension for WindowsStandalone target not found
Refreshing native plugins compatible for Editor in 0.66 ms, found 3 plugins.
Preloading 0 native plugins for Editor in 0.00 ms.
Mono: successfully reloaded assembly
- Completed reload, in  1.017 seconds
Domain Reload Profiling:
	ReloadAssembly (1017ms)
		BeginReloadAssembly (149ms)
			ExecutionOrderSort (0ms)
			DisableScriptedObjects (7ms)
			BackupInstance (0ms)
			ReleaseScriptingObjects (0ms)
			CreateAndSetChildDomain (42ms)
		EndReloadAssembly (771ms)
			LoadAssemblies (93ms)
			RebuildTransferFunctionScriptingTraits (0ms)
			SetupTypeCache (265ms)
			ReleaseScriptCaches (1ms)
			RebuildScriptCaches (37ms)
			SetupLoadedEditorAssemblies (335ms)
				LogAssemblyErrors (0ms)
				InitializePlatformSupportModulesInManaged (13ms)
				SetLoadedEditorAssemblies (1ms)
				RefreshPlugins (1ms)
				BeforeProcessingInitializeOnLoad (85ms)
				ProcessInitializeOnLoadAttributes (197ms)
				ProcessInitializeOnLoadMethodAttributes (29ms)
				AfterProcessingInitializeOnLoad (10ms)
				EditorAssembliesLoaded (0ms)
			ExecutionOrderSort2 (0ms)
			AwakeInstancesAfterBackupRestoration (6ms)
Platform modules already initialized, skipping
Refreshing native plugins compatible for Editor in 2.80 ms, found 3 plugins.
Preloading 0 native plugins for Editor in 0.00 ms.
Unloading 3841 Unused Serialized files (Serialized files now loaded: 0)
Unloading 20 unused Assets / (78.3 KB). Loaded Objects now: 4349.
Memory consumption went from 137.0 MB to 136.9 MB.
Total: 2.743200 ms (FindLiveObjects: 0.258600 ms CreateObjectMapping: 0.176300 ms MarkObjects: 2.231600 ms  DeleteObjects: 0.076000 ms)

AssetImportParameters requested are different than current active one (requested -> active):
  custom:video-decoder-ogg-theora: a1e56fd34408186e4bbccfd4996cb3dc -> 
  custom:container-muxer-webm: aa71ff27fc2769a1b78a27578f13a17b -> 
  custom:container-demuxer-webm: 4f35f7cbe854078d1ac9338744f61a02 -> 
  custom:video-encoder-webm-vp8: eb34c28f22e8b96e1ab97ce403110664 -> 
  custom:audio-encoder-webm-vorbis: bf7c407c2cedff20999df2af8eb42d56 -> 
  custom:framework-win-MediaFoundation: 216162199b28c13a410421893ffa2e32 -> 
  custom:container-demuxer-ogg: 62fdf1f143b41e24485cea50d1cbac27 -> 
  custom:video-decoder-webm-vp8: 9c59270c3fd7afecdb556c50c9e8de78 -> 
  custom:audio-decoder-ogg-vorbis: bf7c407c2cedff20999df2af8eb42d56 -> 
========================================================================
Received Import Request.
  Time since last request: 100.231187 seconds.
  path: Assets/AddressableAssetsData/AssetGroups/Built In Data.asset
  artifactKey: Guid(99e8c5d2e9825ad4190b651a2d1443cd) Importer(815301076,1909f56bfc062723c751e8b465ee728b)
Start importing Assets/AddressableAssetsData/AssetGroups/Built In Data.asset using Guid(99e8c5d2e9825ad4190b651a2d1443cd) Importer(815301076,1909f56bfc062723c751e8b465ee728b)  -> (artifact id: 'a9213ceb6e64318a97306050aef038a8') in 0.060885 seconds 
========================================================================
Received Import Request.
  Time since last request: 0.000029 seconds.
  path: Assets/AddressableAssetsData/AssetGroups/Default Local Group.asset
  artifactKey: Guid(17b33ae582ccc4c428fe0eaf07d5845d) Importer(815301076,1909f56bfc062723c751e8b465ee728b)
Start importing Assets/AddressableAssetsData/AssetGroups/Default Local Group.asset using Guid(17b33ae582ccc4c428fe0eaf07d5845d) Importer(815301076,1909f56bfc062723c751e8b465ee728b)  -> (artifact id: '14fa0f761064461bea02101d9493c03b') in 0.010216 seconds 
========================================================================
Received Import Request.
  Time since last request: 73.782993 seconds.
  path: Assets/Models/camel1.prefab
  artifactKey: Guid(8138f32082189a841805f286c6974065) Importer(815301076,1909f56bfc062723c751e8b465ee728b)
Start importing Assets/Models/camel1.prefab using Guid(8138f32082189a841805f286c6974065) Importer(815301076,1909f56bfc062723c751e8b465ee728b)  -> (artifact id: '85ca74f6120381608903180d60a5965b') in 0.051118 seconds 
========================================================================
Received Import Request.
  Time since last request: 0.000024 seconds.
  path: Assets/Models/CigarettesPack_LuckyStrike_4_Inside_LOD0.asset
  artifactKey: Guid(c8455ba24ba398948b2ec06a1c0aab6f) Importer(815301076,1909f56bfc062723c751e8b465ee728b)
Start importing Assets/Models/CigarettesPack_LuckyStrike_4_Inside_LOD0.asset using Guid(c8455ba24ba398948b2ec06a1c0aab6f) Importer(815301076,1909f56bfc062723c751e8b465ee728b)  -> (artifact id: '8c681aa1c0513659a95587c2cb28aeb8') in 0.029255 seconds 
========================================================================
Received Import Request.
  Time since last request: 0.000025 seconds.
  path: Assets/Models/CigarettesPack_LuckyStrike_20_LOD0.asset
  artifactKey: Guid(1d887c33bdd89884983db20fe486e2bf) Importer(815301076,1909f56bfc062723c751e8b465ee728b)
Start importing Assets/Models/CigarettesPack_LuckyStrike_20_LOD0.asset using Guid(1d887c33bdd89884983db20fe486e2bf) Importer(815301076,1909f56bfc062723c751e8b465ee728b)  -> (artifact id: '3b881236df03509163134cb468f3c194') in 0.007793 seconds 
========================================================================
Received Import Request.
  Time since last request: 0.000017 seconds.
  path: Assets/Models/Cigarette03.asset
  artifactKey: Guid(8d8ca14f5ca30fd4c8b90ffa751a4967) Importer(815301076,1909f56bfc062723c751e8b465ee728b)
Start importing Assets/Models/Cigarette03.asset using Guid(8d8ca14f5ca30fd4c8b90ffa751a4967) Importer(815301076,1909f56bfc062723c751e8b465ee728b)  -> (artifact id: '97eb285d1367558f0aef4153c3c437d9') in 0.007668 seconds 
========================================================================
Received Import Request.
  Time since last request: 0.000022 seconds.
  path: Assets/Models/Cigarette_01.prefab
  artifactKey: Guid(7bce53271a2f64c46a0a975370c42516) Importer(815301076,1909f56bfc062723c751e8b465ee728b)
Start importing Assets/Models/Cigarette_01.prefab using Guid(7bce53271a2f64c46a0a975370c42516) Importer(815301076,1909f56bfc062723c751e8b465ee728b)  -> (artifact id: '612265b082f018a27d2b3b241eb96086') in 0.016371 seconds 
========================================================================
Received Import Request.
  Time since last request: 0.000015 seconds.
  path: Assets/Models/doha.prefab
  artifactKey: Guid(a3c42ca25d00a0f45885a0960b07ece1) Importer(815301076,1909f56bfc062723c751e8b465ee728b)
Start importing Assets/Models/doha.prefab using Guid(a3c42ca25d00a0f45885a0960b07ece1) Importer(815301076,1909f56bfc062723c751e8b465ee728b)  -> (artifact id: 'e17bc46c85919d9839055069e3a5f83a') in 0.012772 seconds 
========================================================================
Received Import Request.
  Time since last request: 0.000019 seconds.
  path: Assets/Models/Cigarette05.asset
  artifactKey: Guid(452250ace6f1e184d86ffb6dd9dd8222) Importer(815301076,1909f56bfc062723c751e8b465ee728b)
Start importing Assets/Models/Cigarette05.asset using Guid(452250ace6f1e184d86ffb6dd9dd8222) Importer(815301076,1909f56bfc062723c751e8b465ee728b)  -> (artifact id: '39f9f57ead17d5ecbb3402d240c3ef42') in 0.006405 seconds 
========================================================================
Received Import Request.
  Time since last request: 0.000023 seconds.
  path: Assets/Models/Cigarette06.asset
  artifactKey: Guid(966402b0f5e603845bb5aa6bf02f5961) Importer(815301076,1909f56bfc062723c751e8b465ee728b)
Start importing Assets/Models/Cigarette06.asset using Guid(966402b0f5e603845bb5aa6bf02f5961) Importer(815301076,1909f56bfc062723c751e8b465ee728b)  -> (artifact id: 'aa87b1f3d83728bacbe3c4a3a35aceb7') in 0.006716 seconds 
========================================================================
Received Import Request.
  Time since last request: 0.000015 seconds.
  path: Assets/Models/Cigarette14.asset
  artifactKey: Guid(51b0dfdcd7ed9474790cc5c93f7061b4) Importer(815301076,1909f56bfc062723c751e8b465ee728b)
Start importing Assets/Models/Cigarette14.asset using Guid(51b0dfdcd7ed9474790cc5c93f7061b4) Importer(815301076,1909f56bfc062723c751e8b465ee728b)  -> (artifact id: '5e0c16bf63d8e707f5112779290b5427') in 0.006863 seconds 
========================================================================
Received Import Request.
  Time since last request: 0.000015 seconds.
  path: Assets/Models/CigarettesPack_LuckyStrike_4.prefab
  artifactKey: Guid(95b7340531937354dbd1435414a23167) Importer(815301076,1909f56bfc062723c751e8b465ee728b)
Start importing Assets/Models/CigarettesPack_LuckyStrike_4.prefab using Guid(95b7340531937354dbd1435414a23167) Importer(815301076,1909f56bfc062723c751e8b465ee728b)  -> (artifact id: '11135a004e0eb3a915644d1246724cb8') in 0.011100 seconds 
========================================================================
Received Import Request.
  Time since last request: 0.000030 seconds.
  path: Assets/Models/Cigarette02.asset
  artifactKey: Guid(543c8a24a45aa64499d8526b0d81a17b) Importer(815301076,1909f56bfc062723c751e8b465ee728b)
Start importing Assets/Models/Cigarette02.asset using Guid(543c8a24a45aa64499d8526b0d81a17b) Importer(815301076,1909f56bfc062723c751e8b465ee728b)  -> (artifact id: 'ccb17d550f40f0e48d81421c9891d0b9') in 0.006575 seconds 
========================================================================
Received Import Request.
  Time since last request: 0.000016 seconds.
  path: Assets/Models/Cigarette_01_LOD1.asset
  artifactKey: Guid(1dae77897a971514b9072df76e2b5678) Importer(815301076,1909f56bfc062723c751e8b465ee728b)
Start importing Assets/Models/Cigarette_01_LOD1.asset using Guid(1dae77897a971514b9072df76e2b5678) Importer(815301076,1909f56bfc062723c751e8b465ee728b)  -> (artifact id: '117c59cd06f239055a4acb5f1e1f007f') in 0.006407 seconds 
========================================================================
Received Import Request.
  Time since last request: 0.000016 seconds.
  path: Assets/Models/Cigarette07.asset
  artifactKey: Guid(824fa42115e53894f8147721ff4db5f8) Importer(815301076,1909f56bfc062723c751e8b465ee728b)
Start importing Assets/Models/Cigarette07.asset using Guid(824fa42115e53894f8147721ff4db5f8) Importer(815301076,1909f56bfc062723c751e8b465ee728b)  -> (artifact id: '234aab19430373b4f8657544edf45d1f') in 0.007117 seconds 
========================================================================
Received Import Request.
  Time since last request: 0.000024 seconds.
  path: Assets/Models/Cigarette12.asset
  artifactKey: Guid(1e9a61de60313b14d8f6ba551be0e5d7) Importer(815301076,1909f56bfc062723c751e8b465ee728b)
Start importing Assets/Models/Cigarette12.asset using Guid(1e9a61de60313b14d8f6ba551be0e5d7) Importer(815301076,1909f56bfc062723c751e8b465ee728b)  -> (artifact id: '2b02c87a1896ec93bf021dc945193289') in 0.007614 seconds 
========================================================================
Received Import Request.
  Time since last request: 0.000018 seconds.
  path: Assets/Models/Cigarette18.asset
  artifactKey: Guid(570bcfa5305284c4fb2cd0347f2df54c) Importer(815301076,1909f56bfc062723c751e8b465ee728b)
Start importing Assets/Models/Cigarette18.asset using Guid(570bcfa5305284c4fb2cd0347f2df54c) Importer(815301076,1909f56bfc062723c751e8b465ee728b)  -> (artifact id: 'ec2b745edf3bc70232e951159ded3639') in 0.006428 seconds 
========================================================================
Received Import Request.
  Time since last request: 0.000027 seconds.
  path: Assets/Models/Cigarette11.asset
  artifactKey: Guid(3f9bbe46c56b06541811a182cd9372e9) Importer(815301076,1909f56bfc062723c751e8b465ee728b)
Start importing Assets/Models/Cigarette11.asset using Guid(3f9bbe46c56b06541811a182cd9372e9) Importer(815301076,1909f56bfc062723c751e8b465ee728b)  -> (artifact id: '637b37e063bf6a6bb55f54f0803757a2') in 0.007515 seconds 
========================================================================
Received Import Request.
  Time since last request: 0.000018 seconds.
  path: Assets/Models/Cigarette04.asset
  artifactKey: Guid(9ac47cca4e223cc4a96dd878df5c7221) Importer(815301076,1909f56bfc062723c751e8b465ee728b)
Start importing Assets/Models/Cigarette04.asset using Guid(9ac47cca4e223cc4a96dd878df5c7221) Importer(815301076,1909f56bfc062723c751e8b465ee728b)  -> (artifact id: '765ef1064d49d135743a903b2293d22e') in 0.007516 seconds 
========================================================================
Received Import Request.
  Time since last request: 0.000019 seconds.
  path: Assets/Models/Cigarette08.asset
  artifactKey: Guid(5cfd118d865b3f547bfb350499916c4f) Importer(815301076,1909f56bfc062723c751e8b465ee728b)
Start importing Assets/Models/Cigarette08.asset using Guid(5cfd118d865b3f547bfb350499916c4f) Importer(815301076,1909f56bfc062723c751e8b465ee728b)  -> (artifact id: '89615a0f03f44d64df7423b39bd562b1') in 0.007452 seconds 
========================================================================
Received Import Request.
  Time since last request: 0.000037 seconds.
  path: Assets/Models/Safe_Card.asset
  artifactKey: Guid(28e7c97016754794f87a703533bbb350) Importer(815301076,1909f56bfc062723c751e8b465ee728b)
Start importing Assets/Models/Safe_Card.asset using Guid(28e7c97016754794f87a703533bbb350) Importer(815301076,1909f56bfc062723c751e8b465ee728b)  -> (artifact id: '0b42f1efe99bf8a911d326e2e9f5c6ff') in 0.006750 seconds 
========================================================================
Received Import Request.
  Time since last request: 0.000028 seconds.
  path: Assets/Models/Cigarette09.asset
  artifactKey: Guid(f9aa49746982ac34c9bf3ca9119c1b8f) Importer(815301076,1909f56bfc062723c751e8b465ee728b)
Start importing Assets/Models/Cigarette09.asset using Guid(f9aa49746982ac34c9bf3ca9119c1b8f) Importer(815301076,1909f56bfc062723c751e8b465ee728b)  -> (artifact id: '29d3b71269aae29c8d30a6daeb9f6c67') in 0.006746 seconds 
========================================================================
Received Import Request.
  Time since last request: 0.000019 seconds.
  path: Assets/Models/Cigarette17.asset
  artifactKey: Guid(c0bb0b703951c824ea4ae3c18357c39f) Importer(815301076,1909f56bfc062723c751e8b465ee728b)
Start importing Assets/Models/Cigarette17.asset using Guid(c0bb0b703951c824ea4ae3c18357c39f) Importer(815301076,1909f56bfc062723c751e8b465ee728b)  -> (artifact id: 'ad392b53ff8cc395676809845f2b65d8') in 0.008236 seconds 
========================================================================
Received Import Request.
  Time since last request: 0.000022 seconds.
  path: Assets/Models/Cigarette15.asset
  artifactKey: Guid(ac81ce899be92804caabd5c5ebcb6c66) Importer(815301076,1909f56bfc062723c751e8b465ee728b)
Start importing Assets/Models/Cigarette15.asset using Guid(ac81ce899be92804caabd5c5ebcb6c66) Importer(815301076,1909f56bfc062723c751e8b465ee728b)  -> (artifact id: 'aa47adf2682dfd732722fdddb3530759') in 0.008424 seconds 
========================================================================
Received Import Request.
  Time since last request: 0.000026 seconds.
  path: Assets/Models/CigarettesPack_LuckyStrike_4_LOD1.asset
  artifactKey: Guid(558529323ec5fb34b871a76eeb412f7b) Importer(815301076,1909f56bfc062723c751e8b465ee728b)
Start importing Assets/Models/CigarettesPack_LuckyStrike_4_LOD1.asset using Guid(558529323ec5fb34b871a76eeb412f7b) Importer(815301076,1909f56bfc062723c751e8b465ee728b)  -> (artifact id: '4698c40fa2411497210c68a89c9118d3') in 0.008087 seconds 
========================================================================
Received Import Request.
  Time since last request: 0.000026 seconds.
  path: Assets/Models/CigarettesPack_LuckyStrike_4_Inside_LOD1.asset
  artifactKey: Guid(813bb89a1fadd294c874df408c98c95d) Importer(815301076,1909f56bfc062723c751e8b465ee728b)
Start importing Assets/Models/CigarettesPack_LuckyStrike_4_Inside_LOD1.asset using Guid(813bb89a1fadd294c874df408c98c95d) Importer(815301076,1909f56bfc062723c751e8b465ee728b)  -> (artifact id: 'd89fd613b0c581f7af4d80b0a0723e2b') in 0.009105 seconds 
========================================================================
Received Import Request.
  Time since last request: 0.000029 seconds.
  path: Assets/Models/Fuel Lever.asset
  artifactKey: Guid(a8dd0a7a719a7044c99ec03c75718060) Importer(815301076,1909f56bfc062723c751e8b465ee728b)
Start importing Assets/Models/Fuel Lever.asset using Guid(a8dd0a7a719a7044c99ec03c75718060) Importer(815301076,1909f56bfc062723c751e8b465ee728b)  -> (artifact id: '4d63903af18a8648a7ac55b7053048c5') in 0.008004 seconds 
========================================================================
Received Import Request.
  Time since last request: 0.000024 seconds.
  path: Assets/Models/doha_up.asset
  artifactKey: Guid(15989ee57f16ba440a8eae80167fd5e7) Importer(815301076,1909f56bfc062723c751e8b465ee728b)
Start importing Assets/Models/doha_up.asset using Guid(15989ee57f16ba440a8eae80167fd5e7) Importer(815301076,1909f56bfc062723c751e8b465ee728b)  -> (artifact id: 'f84612228108a8590813874341aa01b1') in 0.006607 seconds 
========================================================================
Received Import Request.
  Time since last request: 28.807170 seconds.
  path: Assets/Prefabs/GEAR_CigaretteLucky.prefab
  artifactKey: Guid(b5a7e971f3c40234383d1e83f607710d) Importer(815301076,1909f56bfc062723c751e8b465ee728b)
Start importing Assets/Prefabs/GEAR_CigaretteLucky.prefab using Guid(b5a7e971f3c40234383d1e83f607710d) Importer(815301076,1909f56bfc062723c751e8b465ee728b)  -> (artifact id: '39ec9df81744608aa26a128778ce333d') in 0.009378 seconds 
========================================================================
Received Import Request.
  Time since last request: 0.000020 seconds.
  path: Assets/Prefabs/GEAR_CigarettePackMenthol.prefab
  artifactKey: Guid(2e5d76f541dcc0947b4131465274718a) Importer(815301076,1909f56bfc062723c751e8b465ee728b)
Start importing Assets/Prefabs/GEAR_CigarettePackMenthol.prefab using Guid(2e5d76f541dcc0947b4131465274718a) Importer(815301076,1909f56bfc062723c751e8b465ee728b)  -> (artifact id: 'e37a970dd89d8744d70447ae08c1062d') in 0.011985 seconds 
========================================================================
Received Import Request.
  Time since last request: 0.000022 seconds.
  path: Assets/Prefabs/GEAR_CigarettePackHappiness.prefab
  artifactKey: Guid(4bb95429c0b2e7647ab2b99f91ba435a) Importer(815301076,1909f56bfc062723c751e8b465ee728b)
Start importing Assets/Prefabs/GEAR_CigarettePackHappiness.prefab using Guid(4bb95429c0b2e7647ab2b99f91ba435a) Importer(815301076,1909f56bfc062723c751e8b465ee728b)  -> (artifact id: 'e255d7f2718ffc1605e12cff190b365c') in 0.010848 seconds 
Editor requested this worker to shutdown with reason: Scaling down because of idle timeout
AssetImportWorker is now disconnected from the server
Process exiting
Exiting without the bug reporter. Application will terminate with return code 0