Using pre-set license
Built from '2021.3/staging' branch; Version is '2021.3.6f1 (7da38d85baf6) revision 8233869'; Using compiler version '192829333'; Build Type 'Release'
OS: 'Windows 10  (10.0.19045) 64bit Core' Language: 'el' Physical Memory: 49067 MB
BatchMode: 1, IsHumanControllingUs: 0, StartBugReporterOnCrash: 0, Is64bit: 1, IsPro: 1

COMMAND LINE ARGUMENTS:
C:\Program Files\Unity\Hub\Editor\2021.3.6f1\Editor\Unity.exe
-adb2
-batchMode
-noUpm
-name
AssetImportWorker4
-projectPath
C:/Users/PC/My project
-logFile
Logs/AssetImportWorker4.log
-srvPort
49726
Successfully changed project path to: C:/Users/PC/My project
C:/Users/PC/My project
[UnityMemory] Configuration Parameters - Can be set up in boot.config
    "memorysetup-bucket-allocator-granularity=16"
    "memorysetup-bucket-allocator-bucket-count=8"
    "memorysetup-bucket-allocator-block-size=33554432"
    "memorysetup-bucket-allocator-block-count=8"
    "memorysetup-main-allocator-block-size=16777216"
    "memorysetup-thread-allocator-block-size=16777216"
    "memorysetup-gfx-main-allocator-block-size=16777216"
    "memorysetup-gfx-thread-allocator-block-size=16777216"
    "memorysetup-cache-allocator-block-size=4194304"
    "memorysetup-typetree-allocator-block-size=2097152"
    "memorysetup-profiler-bucket-allocator-granularity=16"
    "memorysetup-profiler-bucket-allocator-bucket-count=8"
    "memorysetup-profiler-bucket-allocator-block-size=33554432"
    "memorysetup-profiler-bucket-allocator-block-count=8"
    "memorysetup-profiler-allocator-block-size=16777216"
    "memorysetup-profiler-editor-allocator-block-size=1048576"
    "memorysetup-temp-allocator-size-main=16777216"
    "memorysetup-job-temp-allocator-block-size=2097152"
    "memorysetup-job-temp-allocator-block-size-background=1048576"
    "memorysetup-job-temp-allocator-reduction-small-platforms=262144"
    "memorysetup-temp-allocator-size-background-worker=32768"
    "memorysetup-temp-allocator-size-job-worker=262144"
    "memorysetup-temp-allocator-size-preload-manager=33554432"
    "memorysetup-temp-allocator-size-nav-mesh-worker=65536"
    "memorysetup-temp-allocator-size-audio-worker=65536"
    "memorysetup-temp-allocator-size-cloud-worker=32768"
    "memorysetup-temp-allocator-size-gi-baking-worker=262144"
    "memorysetup-temp-allocator-size-gfx=262144"
Refreshing native plugins compatible for Editor in 105.36 ms, found 3 plugins.
Preloading 0 native plugins for Editor in 0.00 ms.
Initialize engine version: 2021.3.6f1 (7da38d85baf6)
[Subsystems] Discovering subsystems at path C:/Program Files/Unity/Hub/Editor/2021.3.6f1/Editor/Data/Resources/UnitySubsystems
[Subsystems] Discovering subsystems at path C:/Users/PC/My project/Assets
GfxDevice: creating device client; threaded=0; jobified=0
Direct3D:
    Version:  Direct3D 11.0 [level 11.1]
    Renderer: NVIDIA GeForce RTX 3080 (ID=0x2206)
    Vendor:   NVIDIA
    VRAM:     10067 MB
    Driver:   31.0.15.3141
Initialize mono
Mono path[0] = 'C:/Program Files/Unity/Hub/Editor/2021.3.6f1/Editor/Data/Managed'
Mono path[1] = 'C:/Program Files/Unity/Hub/Editor/2021.3.6f1/Editor/Data/MonoBleedingEdge/lib/mono/unityjit-win32'
Mono config path = 'C:/Program Files/Unity/Hub/Editor/2021.3.6f1/Editor/Data/MonoBleedingEdge/etc'
Using monoOptions --debugger-agent=transport=dt_socket,embedding=1,server=y,suspend=n,address=127.0.0.1:56184
Begin MonoManager ReloadAssembly
Registering precompiled unity dll's ...
Register platform support module: C:/Program Files/Unity/Hub/Editor/2021.3.6f1/Editor/Data/PlaybackEngines/WindowsStandaloneSupport/UnityEditor.WindowsStandalone.Extensions.dll
Registered in 0.007334 seconds.
Native extension for WindowsStandalone target not found
Refreshing native plugins compatible for Editor in 83.40 ms, found 3 plugins.
Preloading 0 native plugins for Editor in 0.00 ms.
Mono: successfully reloaded assembly
- Completed reload, in  0.593 seconds
Domain Reload Profiling:
	ReloadAssembly (594ms)
		BeginReloadAssembly (69ms)
			ExecutionOrderSort (0ms)
			DisableScriptedObjects (0ms)
			BackupInstance (0ms)
			ReleaseScriptingObjects (0ms)
			CreateAndSetChildDomain (1ms)
		EndReloadAssembly (424ms)
			LoadAssemblies (66ms)
			RebuildTransferFunctionScriptingTraits (0ms)
			SetupTypeCache (92ms)
			ReleaseScriptCaches (0ms)
			RebuildScriptCaches (25ms)
			SetupLoadedEditorAssemblies (262ms)
				LogAssemblyErrors (0ms)
				InitializePlatformSupportModulesInManaged (7ms)
				SetLoadedEditorAssemblies (0ms)
				RefreshPlugins (83ms)
				BeforeProcessingInitializeOnLoad (1ms)
				ProcessInitializeOnLoadAttributes (130ms)
				ProcessInitializeOnLoadMethodAttributes (40ms)
				AfterProcessingInitializeOnLoad (0ms)
				EditorAssembliesLoaded (0ms)
			ExecutionOrderSort2 (0ms)
			AwakeInstancesAfterBackupRestoration (0ms)
Platform modules already initialized, skipping
Registering precompiled user dll's ...
Registered in 0.006274 seconds.
Begin MonoManager ReloadAssembly
Symbol file LoadedFromMemory doesn't match image C:\Users\PC\My project\Library\PackageCache\com.unity.visualscripting@1.7.8\Editor\VisualScripting.Core\Dependencies\YamlDotNet\Unity.VisualScripting.YamlDotNet.dll
Symbol file LoadedFromMemory doesn't match image C:\Users\PC\My project\Library\PackageCache\com.unity.visualscripting@1.7.8\Editor\VisualScripting.Core\Dependencies\DotNetZip\Unity.VisualScripting.IonicZip.dll
Native extension for WindowsStandalone target not found
Refreshing native plugins compatible for Editor in 0.54 ms, found 3 plugins.
Preloading 0 native plugins for Editor in 0.00 ms.
Mono: successfully reloaded assembly
- Completed reload, in  0.996 seconds
Domain Reload Profiling:
	ReloadAssembly (997ms)
		BeginReloadAssembly (103ms)
			ExecutionOrderSort (0ms)
			DisableScriptedObjects (5ms)
			BackupInstance (0ms)
			ReleaseScriptingObjects (0ms)
			CreateAndSetChildDomain (18ms)
		EndReloadAssembly (790ms)
			LoadAssemblies (84ms)
			RebuildTransferFunctionScriptingTraits (0ms)
			SetupTypeCache (238ms)
			ReleaseScriptCaches (1ms)
			RebuildScriptCaches (47ms)
			SetupLoadedEditorAssemblies (386ms)
				LogAssemblyErrors (0ms)
				InitializePlatformSupportModulesInManaged (5ms)
				SetLoadedEditorAssemblies (0ms)
				RefreshPlugins (1ms)
				BeforeProcessingInitializeOnLoad (94ms)
				ProcessInitializeOnLoadAttributes (211ms)
				ProcessInitializeOnLoadMethodAttributes (68ms)
				AfterProcessingInitializeOnLoad (8ms)
				EditorAssembliesLoaded (0ms)
			ExecutionOrderSort2 (0ms)
			AwakeInstancesAfterBackupRestoration (6ms)
Platform modules already initialized, skipping
========================================================================
Worker process is ready to serve import requests
Launched and connected shader compiler UnityShaderCompiler.exe after 0.05 seconds
Refreshing native plugins compatible for Editor in 0.54 ms, found 3 plugins.
Preloading 0 native plugins for Editor in 0.00 ms.
Unloading 3861 Unused Serialized files (Serialized files now loaded: 0)
Unloading 27 unused Assets / (111.4 KB). Loaded Objects now: 4320.
Memory consumption went from 133.1 MB to 133.0 MB.
Total: 4.045500 ms (FindLiveObjects: 0.269500 ms CreateObjectMapping: 0.151300 ms MarkObjects: 3.536000 ms  DeleteObjects: 0.088000 ms)

AssetImportParameters requested are different than current active one (requested -> active):
  custom:video-decoder-ogg-theora: a1e56fd34408186e4bbccfd4996cb3dc -> 
  custom:container-muxer-webm: aa71ff27fc2769a1b78a27578f13a17b -> 
  custom:container-demuxer-webm: 4f35f7cbe854078d1ac9338744f61a02 -> 
  custom:video-encoder-webm-vp8: eb34c28f22e8b96e1ab97ce403110664 -> 
  custom:audio-encoder-webm-vorbis: bf7c407c2cedff20999df2af8eb42d56 -> 
  custom:framework-win-MediaFoundation: 216162199b28c13a410421893ffa2e32 -> 
  custom:container-demuxer-ogg: 62fdf1f143b41e24485cea50d1cbac27 -> 
  custom:video-decoder-webm-vp8: 9c59270c3fd7afecdb556c50c9e8de78 -> 
  custom:audio-decoder-ogg-vorbis: bf7c407c2cedff20999df2af8eb42d56 -> 
========================================================================
Received Import Request.
  Time since last request: 1302350.476197 seconds.
  path: Assets/Prefabs/GEAR_Cigarette.prefab
  artifactKey: Guid(0a2f7808d49f11948bcf56dd9700c808) Importer(815301076,1909f56bfc062723c751e8b465ee728b)
Start importing Assets/Prefabs/GEAR_Cigarette.prefab using Guid(0a2f7808d49f11948bcf56dd9700c808) Importer(815301076,1909f56bfc062723c751e8b465ee728b)  -> (artifact id: '8e623ee53063103c920e9e63e64b2999') in 0.116520 seconds 
========================================================================
Received Import Request.
  Time since last request: 32.004351 seconds.
  path: Assets/Models/doha.prefab
  artifactKey: Guid(a3c42ca25d00a0f45885a0960b07ece1) Importer(815301076,1909f56bfc062723c751e8b465ee728b)
Start importing Assets/Models/doha.prefab using Guid(a3c42ca25d00a0f45885a0960b07ece1) Importer(815301076,1909f56bfc062723c751e8b465ee728b)  -> (artifact id: '62e1254fcc900900080a2a911e2379bb') in 0.014566 seconds 
========================================================================
Received Import Request.
  Time since last request: 0.158959 seconds.
  path: Assets/Models/doha.prefab
  artifactKey: Guid(a3c42ca25d00a0f45885a0960b07ece1) Importer(815301076,1909f56bfc062723c751e8b465ee728b)
Start importing Assets/Models/doha.prefab using Guid(a3c42ca25d00a0f45885a0960b07ece1) Importer(815301076,1909f56bfc062723c751e8b465ee728b)  -> (artifact id: '5958fe30b1af31e3a0e6b2eb6a834189') in 0.010425 seconds 
========================================================================
Received Import Request.
  Time since last request: 6.005864 seconds.
  path: Assets/Models/doha.prefab
  artifactKey: Guid(a3c42ca25d00a0f45885a0960b07ece1) Importer(815301076,1909f56bfc062723c751e8b465ee728b)
Start importing Assets/Models/doha.prefab using Guid(a3c42ca25d00a0f45885a0960b07ece1) Importer(815301076,1909f56bfc062723c751e8b465ee728b)  -> (artifact id: '9adc41d5148a60a018cac52861284f2d') in 0.012461 seconds 
========================================================================
Received Import Request.
  Time since last request: 64.418476 seconds.
  path: Assets/Prefabs/GEAR_CigarettePackMenthol.prefab
  artifactKey: Guid(2e5d76f541dcc0947b4131465274718a) Importer(815301076,1909f56bfc062723c751e8b465ee728b)
Start importing Assets/Prefabs/GEAR_CigarettePackMenthol.prefab using Guid(2e5d76f541dcc0947b4131465274718a) Importer(815301076,1909f56bfc062723c751e8b465ee728b)  -> (artifact id: 'ca5772967244234fc0fccd458478ce96') in 0.019275 seconds 
========================================================================
Received Import Request.
  Time since last request: 0.159779 seconds.
  path: Assets/Prefabs/GEAR_CigarettePackMenthol.prefab
  artifactKey: Guid(2e5d76f541dcc0947b4131465274718a) Importer(815301076,1909f56bfc062723c751e8b465ee728b)
Start importing Assets/Prefabs/GEAR_CigarettePackMenthol.prefab using Guid(2e5d76f541dcc0947b4131465274718a) Importer(815301076,1909f56bfc062723c751e8b465ee728b)  -> (artifact id: '22d20a3b6a6b0cdaf9686c2652b00d7a') in 0.012386 seconds 
========================================================================
Received Import Request.
  Time since last request: 2.602948 seconds.
  path: Assets/Prefabs/GEAR_CigarettePackMenthol.prefab
  artifactKey: Guid(2e5d76f541dcc0947b4131465274718a) Importer(815301076,1909f56bfc062723c751e8b465ee728b)
Start importing Assets/Prefabs/GEAR_CigarettePackMenthol.prefab using Guid(2e5d76f541dcc0947b4131465274718a) Importer(815301076,1909f56bfc062723c751e8b465ee728b)  -> (artifact id: '7e3d9cb8b3c62e1bdf0232525b8a382d') in 0.015803 seconds 
========================================================================
Received Import Request.
  Time since last request: 2.805149 seconds.
  path: Assets/Prefabs/GEAR_CigarettePackMenthol.prefab
  artifactKey: Guid(2e5d76f541dcc0947b4131465274718a) Importer(815301076,1909f56bfc062723c751e8b465ee728b)
Start importing Assets/Prefabs/GEAR_CigarettePackMenthol.prefab using Guid(2e5d76f541dcc0947b4131465274718a) Importer(815301076,1909f56bfc062723c751e8b465ee728b)  -> (artifact id: 'a7467093dc357d7447a3395c19096b10') in 0.013488 seconds 
========================================================================
Received Import Request.
  Time since last request: 4.802574 seconds.
  path: Assets/Prefabs/GEAR_CigarettePackMenthol.prefab
  artifactKey: Guid(2e5d76f541dcc0947b4131465274718a) Importer(815301076,1909f56bfc062723c751e8b465ee728b)
Start importing Assets/Prefabs/GEAR_CigarettePackMenthol.prefab using Guid(2e5d76f541dcc0947b4131465274718a) Importer(815301076,1909f56bfc062723c751e8b465ee728b)  -> (artifact id: 'b3972949cc215041f520257176fb8982') in 0.014795 seconds 
========================================================================
Received Import Request.
  Time since last request: 109.979773 seconds.
  path: Assets/Models/textures/camel2.png
  artifactKey: Guid(67bac63b4a7da3342984da153b468006) Importer(815301076,1909f56bfc062723c751e8b465ee728b)
Start importing Assets/Models/textures/camel2.png using Guid(67bac63b4a7da3342984da153b468006) Importer(815301076,1909f56bfc062723c751e8b465ee728b)  -> (artifact id: 'b920ed18b6ddc32829041a98076bb7ed') in 0.052332 seconds 
========================================================================
Received Import Request.
  Time since last request: 0.000019 seconds.
  path: Assets/Models/textures/ultralights_text.png
  artifactKey: Guid(325891dcf0ae5294ab129feaaf342d79) Importer(815301076,1909f56bfc062723c751e8b465ee728b)
Start importing Assets/Models/textures/ultralights_text.png using Guid(325891dcf0ae5294ab129feaaf342d79) Importer(815301076,1909f56bfc062723c751e8b465ee728b)  -> (artifact id: '4b127aa474e5241540f437c475227499') in 0.012934 seconds 
========================================================================
Received Import Request.
  Time since last request: 0.000019 seconds.
  path: Assets/Models/textures/doha.png
  artifactKey: Guid(31af3754c5585594586886aa5cd2bbb6) Importer(815301076,1909f56bfc062723c751e8b465ee728b)
Start importing Assets/Models/textures/doha.png using Guid(31af3754c5585594586886aa5cd2bbb6) Importer(815301076,1909f56bfc062723c751e8b465ee728b)  -> (artifact id: '5f7441b9b4a1ad39440a32babb4f8420') in 0.007536 seconds 
========================================================================
Received Import Request.
  Time since last request: 3.302282 seconds.
  path: Assets/Models/materials/03 - Default.mat
  artifactKey: Guid(ebcaea922b6ba2946a7e3a19c395c22f) Importer(815301076,1909f56bfc062723c751e8b465ee728b)
Start importing Assets/Models/materials/03 - Default.mat using Guid(ebcaea922b6ba2946a7e3a19c395c22f) Importer(815301076,1909f56bfc062723c751e8b465ee728b)  -> (artifact id: '5d0206a21da7f84bb615ca3241c3a8d4') in 0.024575 seconds 
========================================================================
Received Import Request.
  Time since last request: 0.000014 seconds.
  path: Assets/Models/materials/doha_upMat.mat
  artifactKey: Guid(0d034e0144dc65e4a86eedf79fe520c3) Importer(815301076,1909f56bfc062723c751e8b465ee728b)
Start importing Assets/Models/materials/doha_upMat.mat using Guid(0d034e0144dc65e4a86eedf79fe520c3) Importer(815301076,1909f56bfc062723c751e8b465ee728b)  -> (artifact id: '57dc2aad680e3068a56f5c78e658751a') in 0.008323 seconds 
========================================================================
Received Import Request.
  Time since last request: 0.000023 seconds.
  path: Assets/Models/materials/pack text.mat
  artifactKey: Guid(40370334f1589494f8629411c537fe9e) Importer(815301076,1909f56bfc062723c751e8b465ee728b)
Start importing Assets/Models/materials/pack text.mat using Guid(40370334f1589494f8629411c537fe9e) Importer(815301076,1909f56bfc062723c751e8b465ee728b)  -> (artifact id: 'a09257e21af3384a2e74e0261820a2df') in 0.010478 seconds 
========================================================================
Received Import Request.
  Time since last request: 0.000023 seconds.
  path: Assets/Models/materials/US_Cigarettes_WWII_Material 1.mat
  artifactKey: Guid(b8b019fcaec04eb44bda5c30b370f507) Importer(815301076,1909f56bfc062723c751e8b465ee728b)
Start importing Assets/Models/materials/US_Cigarettes_WWII_Material 1.mat using Guid(b8b019fcaec04eb44bda5c30b370f507) Importer(815301076,1909f56bfc062723c751e8b465ee728b)  -> (artifact id: 'bb47a6a36d7b83fbadd568b2217b715c') in 0.010447 seconds 
========================================================================
Received Import Request.
  Time since last request: 0.000028 seconds.
  path: Assets/Models/materials/US_Cigarettes_WWII_Material.mat
  artifactKey: Guid(1ecc6f6e1e80428488e6852420b3fbaa) Importer(815301076,1909f56bfc062723c751e8b465ee728b)
Start importing Assets/Models/materials/US_Cigarettes_WWII_Material.mat using Guid(1ecc6f6e1e80428488e6852420b3fbaa) Importer(815301076,1909f56bfc062723c751e8b465ee728b)  -> (artifact id: '92cc7352b94681bcb37be308b28c0229') in 0.011358 seconds 
========================================================================
Received Import Request.
  Time since last request: 68.320982 seconds.
  path: Assets/InventoryGridIcons/ico_GearItem__Cigarette.png
  artifactKey: Guid(1f9eecfe43ab02243ada8fe858fde5a8) Importer(815301076,1909f56bfc062723c751e8b465ee728b)
Start importing Assets/InventoryGridIcons/ico_GearItem__Cigarette.png using Guid(1f9eecfe43ab02243ada8fe858fde5a8) Importer(815301076,1909f56bfc062723c751e8b465ee728b)  -> (artifact id: '4333f20c780de1c571767fb96cfc24ba') in 0.007757 seconds 
========================================================================
Received Import Request.
  Time since last request: 0.003893 seconds.
  path: Assets/InventoryGridIcons/ico_GearItem__CigarettePackHappiness.png
  artifactKey: Guid(9308dfe7f57261d4b933640fe29e2690) Importer(815301076,1909f56bfc062723c751e8b465ee728b)
Start importing Assets/InventoryGridIcons/ico_GearItem__CigarettePackHappiness.png using Guid(9308dfe7f57261d4b933640fe29e2690) Importer(815301076,1909f56bfc062723c751e8b465ee728b)  -> (artifact id: '97062f68182e0ae874523a668b9eae2b') in 0.009769 seconds 
========================================================================
Received Import Request.
  Time since last request: 0.000020 seconds.
  path: Assets/InventoryGridIcons/ico_GearItem__Lighter.png
  artifactKey: Guid(d7fe4a62ffef53a4a8120095e11a0f99) Importer(815301076,1909f56bfc062723c751e8b465ee728b)
Start importing Assets/InventoryGridIcons/ico_GearItem__Lighter.png using Guid(d7fe4a62ffef53a4a8120095e11a0f99) Importer(815301076,1909f56bfc062723c751e8b465ee728b)  -> (artifact id: 'd14a3432670d92f83f94f94887478dc5') in 0.006745 seconds 
========================================================================
Received Import Request.
  Time since last request: 0.000020 seconds.
  path: Assets/InventoryGridIcons/ico_GearItem__CigarettePackMenthol.png
  artifactKey: Guid(5927c920b4cfad64e99b39c3d6ea7076) Importer(815301076,1909f56bfc062723c751e8b465ee728b)
Start importing Assets/InventoryGridIcons/ico_GearItem__CigarettePackMenthol.png using Guid(5927c920b4cfad64e99b39c3d6ea7076) Importer(815301076,1909f56bfc062723c751e8b465ee728b)  -> (artifact id: 'c87991ac7e6cbe5a3dfed2f5f2ae0359') in 0.008425 seconds 
========================================================================
Received Import Request.
  Time since last request: 0.000018 seconds.
  path: Assets/InventoryGridIcons/ico_GearItem__CigarettePackLuckySmall.png
  artifactKey: Guid(8604a06cfedfc8b48962e9f84c77cb81) Importer(815301076,1909f56bfc062723c751e8b465ee728b)
Start importing Assets/InventoryGridIcons/ico_GearItem__CigarettePackLuckySmall.png using Guid(8604a06cfedfc8b48962e9f84c77cb81) Importer(815301076,1909f56bfc062723c751e8b465ee728b)  -> (artifact id: 'd9ed8a8a1cd65a8555074b5cf69b4ae9') in 0.007311 seconds 
Editor requested this worker to shutdown with reason: Scaling down because of idle timeout
AssetImportWorker is now disconnected from the server
Process exiting
Exiting without the bug reporter. Application will terminate with return code 0