Using pre-set license
Built from '2021.3/staging' branch; Version is '2021.3.6f1 (7da38d85baf6) revision 8233869'; Using compiler version '192829333'; Build Type 'Release'
OS: 'Windows 10  (10.0.19045) 64bit Core' Language: 'el' Physical Memory: 49067 MB
BatchMode: 1, IsHumanControllingUs: 0, StartBugReporterOnCrash: 0, Is64bit: 1, IsPro: 1

COMMAND LINE ARGUMENTS:
C:\Program Files\Unity\Hub\Editor\2021.3.6f1\Editor\Unity.exe
-adb2
-batchMode
-noUpm
-name
AssetImportWorker6
-projectPath
C:/Users/PC/My project
-logFile
Logs/AssetImportWorker6.log
-srvPort
49726
Successfully changed project path to: C:/Users/PC/My project
C:/Users/PC/My project
[UnityMemory] Configuration Parameters - Can be set up in boot.config
    "memorysetup-bucket-allocator-granularity=16"
    "memorysetup-bucket-allocator-bucket-count=8"
    "memorysetup-bucket-allocator-block-size=33554432"
    "memorysetup-bucket-allocator-block-count=8"
    "memorysetup-main-allocator-block-size=16777216"
    "memorysetup-thread-allocator-block-size=16777216"
    "memorysetup-gfx-main-allocator-block-size=16777216"
    "memorysetup-gfx-thread-allocator-block-size=16777216"
    "memorysetup-cache-allocator-block-size=4194304"
    "memorysetup-typetree-allocator-block-size=2097152"
    "memorysetup-profiler-bucket-allocator-granularity=16"
    "memorysetup-profiler-bucket-allocator-bucket-count=8"
    "memorysetup-profiler-bucket-allocator-block-size=33554432"
    "memorysetup-profiler-bucket-allocator-block-count=8"
    "memorysetup-profiler-allocator-block-size=16777216"
    "memorysetup-profiler-editor-allocator-block-size=1048576"
    "memorysetup-temp-allocator-size-main=16777216"
    "memorysetup-job-temp-allocator-block-size=2097152"
    "memorysetup-job-temp-allocator-block-size-background=1048576"
    "memorysetup-job-temp-allocator-reduction-small-platforms=262144"
    "memorysetup-temp-allocator-size-background-worker=32768"
    "memorysetup-temp-allocator-size-job-worker=262144"
    "memorysetup-temp-allocator-size-preload-manager=33554432"
    "memorysetup-temp-allocator-size-nav-mesh-worker=65536"
    "memorysetup-temp-allocator-size-audio-worker=65536"
    "memorysetup-temp-allocator-size-cloud-worker=32768"
    "memorysetup-temp-allocator-size-gi-baking-worker=262144"
    "memorysetup-temp-allocator-size-gfx=262144"
Refreshing native plugins compatible for Editor in 92.16 ms, found 3 plugins.
Preloading 0 native plugins for Editor in 0.00 ms.
Initialize engine version: 2021.3.6f1 (7da38d85baf6)
[Subsystems] Discovering subsystems at path C:/Program Files/Unity/Hub/Editor/2021.3.6f1/Editor/Data/Resources/UnitySubsystems
[Subsystems] Discovering subsystems at path C:/Users/PC/My project/Assets
GfxDevice: creating device client; threaded=0; jobified=0
Direct3D:
    Version:  Direct3D 11.0 [level 11.1]
    Renderer: NVIDIA GeForce RTX 3080 (ID=0x2206)
    Vendor:   NVIDIA
    VRAM:     10067 MB
    Driver:   31.0.15.3141
Initialize mono
Mono path[0] = 'C:/Program Files/Unity/Hub/Editor/2021.3.6f1/Editor/Data/Managed'
Mono path[1] = 'C:/Program Files/Unity/Hub/Editor/2021.3.6f1/Editor/Data/MonoBleedingEdge/lib/mono/unityjit-win32'
Mono config path = 'C:/Program Files/Unity/Hub/Editor/2021.3.6f1/Editor/Data/MonoBleedingEdge/etc'
Using monoOptions --debugger-agent=transport=dt_socket,embedding=1,server=y,suspend=n,address=127.0.0.1:56964
Begin MonoManager ReloadAssembly
Registering precompiled unity dll's ...
Register platform support module: C:/Program Files/Unity/Hub/Editor/2021.3.6f1/Editor/Data/PlaybackEngines/WindowsStandaloneSupport/UnityEditor.WindowsStandalone.Extensions.dll
Registered in 0.007829 seconds.
Native extension for WindowsStandalone target not found
Refreshing native plugins compatible for Editor in 84.45 ms, found 3 plugins.
Preloading 0 native plugins for Editor in 0.00 ms.
Mono: successfully reloaded assembly
- Completed reload, in  0.619 seconds
Domain Reload Profiling:
	ReloadAssembly (619ms)
		BeginReloadAssembly (72ms)
			ExecutionOrderSort (0ms)
			DisableScriptedObjects (0ms)
			BackupInstance (0ms)
			ReleaseScriptingObjects (0ms)
			CreateAndSetChildDomain (1ms)
		EndReloadAssembly (440ms)
			LoadAssemblies (70ms)
			RebuildTransferFunctionScriptingTraits (0ms)
			SetupTypeCache (99ms)
			ReleaseScriptCaches (0ms)
			RebuildScriptCaches (27ms)
			SetupLoadedEditorAssemblies (264ms)
				LogAssemblyErrors (0ms)
				InitializePlatformSupportModulesInManaged (8ms)
				SetLoadedEditorAssemblies (0ms)
				RefreshPlugins (85ms)
				BeforeProcessingInitializeOnLoad (1ms)
				ProcessInitializeOnLoadAttributes (129ms)
				ProcessInitializeOnLoadMethodAttributes (41ms)
				AfterProcessingInitializeOnLoad (0ms)
				EditorAssembliesLoaded (0ms)
			ExecutionOrderSort2 (0ms)
			AwakeInstancesAfterBackupRestoration (0ms)
Platform modules already initialized, skipping
Registering precompiled user dll's ...
Registered in 0.006334 seconds.
Begin MonoManager ReloadAssembly
Symbol file LoadedFromMemory doesn't match image C:\Users\PC\My project\Library\PackageCache\com.unity.visualscripting@1.7.8\Editor\VisualScripting.Core\Dependencies\YamlDotNet\Unity.VisualScripting.YamlDotNet.dll
Symbol file LoadedFromMemory doesn't match image C:\Users\PC\My project\Library\PackageCache\com.unity.visualscripting@1.7.8\Editor\VisualScripting.Core\Dependencies\DotNetZip\Unity.VisualScripting.IonicZip.dll
Native extension for WindowsStandalone target not found
Refreshing native plugins compatible for Editor in 0.58 ms, found 3 plugins.
Preloading 0 native plugins for Editor in 0.00 ms.
Mono: successfully reloaded assembly
- Completed reload, in  1.031 seconds
Domain Reload Profiling:
	ReloadAssembly (1032ms)
		BeginReloadAssembly (104ms)
			ExecutionOrderSort (0ms)
			DisableScriptedObjects (5ms)
			BackupInstance (0ms)
			ReleaseScriptingObjects (0ms)
			CreateAndSetChildDomain (18ms)
		EndReloadAssembly (818ms)
			LoadAssemblies (82ms)
			RebuildTransferFunctionScriptingTraits (0ms)
			SetupTypeCache (248ms)
			ReleaseScriptCaches (1ms)
			RebuildScriptCaches (47ms)
			SetupLoadedEditorAssemblies (408ms)
				LogAssemblyErrors (0ms)
				InitializePlatformSupportModulesInManaged (5ms)
				SetLoadedEditorAssemblies (0ms)
				RefreshPlugins (1ms)
				BeforeProcessingInitializeOnLoad (94ms)
				ProcessInitializeOnLoadAttributes (227ms)
				ProcessInitializeOnLoadMethodAttributes (72ms)
				AfterProcessingInitializeOnLoad (8ms)
				EditorAssembliesLoaded (0ms)
			ExecutionOrderSort2 (0ms)
			AwakeInstancesAfterBackupRestoration (6ms)
Platform modules already initialized, skipping
========================================================================
Worker process is ready to serve import requests
Launched and connected shader compiler UnityShaderCompiler.exe after 0.05 seconds
Refreshing native plugins compatible for Editor in 0.55 ms, found 3 plugins.
Preloading 0 native plugins for Editor in 0.00 ms.
Unloading 3861 Unused Serialized files (Serialized files now loaded: 0)
Unloading 27 unused Assets / (111.4 KB). Loaded Objects now: 4320.
Memory consumption went from 133.1 MB to 133.0 MB.
Total: 3.441200 ms (FindLiveObjects: 0.280900 ms CreateObjectMapping: 0.195100 ms MarkObjects: 2.874400 ms  DeleteObjects: 0.090200 ms)

AssetImportParameters requested are different than current active one (requested -> active):
  custom:video-decoder-ogg-theora: a1e56fd34408186e4bbccfd4996cb3dc -> 
  custom:container-muxer-webm: aa71ff27fc2769a1b78a27578f13a17b -> 
  custom:container-demuxer-webm: 4f35f7cbe854078d1ac9338744f61a02 -> 
  custom:video-encoder-webm-vp8: eb34c28f22e8b96e1ab97ce403110664 -> 
  custom:audio-encoder-webm-vorbis: bf7c407c2cedff20999df2af8eb42d56 -> 
  custom:framework-win-MediaFoundation: 216162199b28c13a410421893ffa2e32 -> 
  custom:container-demuxer-ogg: 62fdf1f143b41e24485cea50d1cbac27 -> 
  custom:video-decoder-webm-vp8: 9c59270c3fd7afecdb556c50c9e8de78 -> 
  custom:audio-decoder-ogg-vorbis: bf7c407c2cedff20999df2af8eb42d56 -> 
========================================================================
Received Import Request.
  Time since last request: 1302805.209452 seconds.
  path: Assets/AddressableAssetsData/AddressableAssetSettings.asset
  artifactKey: Guid(50e7e79aa5a5ef64bbde769e8385c0a3) Importer(815301076,1909f56bfc062723c751e8b465ee728b)
Start importing Assets/AddressableAssetsData/AddressableAssetSettings.asset using Guid(50e7e79aa5a5ef64bbde769e8385c0a3) Importer(815301076,1909f56bfc062723c751e8b465ee728b)  -> (artifact id: '1e459cca57dab8fae21c4dd893f6db1e') in 0.046129 seconds 
========================================================================
Received Import Request.
  Time since last request: 102.918765 seconds.
  path: Assets/AddressableAssetsData/AddressableAssetSettings.asset
  artifactKey: Guid(50e7e79aa5a5ef64bbde769e8385c0a3) Importer(815301076,1909f56bfc062723c751e8b465ee728b)
Start importing Assets/AddressableAssetsData/AddressableAssetSettings.asset using Guid(50e7e79aa5a5ef64bbde769e8385c0a3) Importer(815301076,1909f56bfc062723c751e8b465ee728b)  -> (artifact id: '6275029eabe4afcdd031683c5427d55a') in 0.006205 seconds 
========================================================================
Received Import Request.
  Time since last request: 1.006871 seconds.
  path: Assets/AddressableAssetsData/AssetGroups/cigarettes.unity3d.asset
  artifactKey: Guid(e80e34ae33617634c969757c426b50f2) Importer(815301076,1909f56bfc062723c751e8b465ee728b)
Start importing Assets/AddressableAssetsData/AssetGroups/cigarettes.unity3d.asset using Guid(e80e34ae33617634c969757c426b50f2) Importer(815301076,1909f56bfc062723c751e8b465ee728b)  -> (artifact id: '3833d6c0529e106ad36f2602e6f3af72') in 0.005804 seconds 
========================================================================
Received Import Request.
  Time since last request: 0.477265 seconds.
  path: Assets/AddressableAssetsData/AssetGroupTemplates/Packed Assets.asset
  artifactKey: Guid(d981e23fe566e934bbfbca390f2bb62c) Importer(815301076,1909f56bfc062723c751e8b465ee728b)
Start importing Assets/AddressableAssetsData/AssetGroupTemplates/Packed Assets.asset using Guid(d981e23fe566e934bbfbca390f2bb62c) Importer(815301076,1909f56bfc062723c751e8b465ee728b)  -> (artifact id: '7bf3c8dd709f1af0c1d98f5046e35891') in 0.001884 seconds 
========================================================================
Received Import Request.
  Time since last request: 0.416945 seconds.
  path: Assets/AddressableAssetsData/DataBuilders/BuildScriptFastMode.asset
  artifactKey: Guid(a86c992e8a058c046b880610ac12866b) Importer(815301076,1909f56bfc062723c751e8b465ee728b)
Start importing Assets/AddressableAssetsData/DataBuilders/BuildScriptFastMode.asset using Guid(a86c992e8a058c046b880610ac12866b) Importer(815301076,1909f56bfc062723c751e8b465ee728b)  -> (artifact id: '00e51a59957eef61ce151bd3e8dee5a5') in 0.002303 seconds 
========================================================================
Received Import Request.
  Time since last request: 0.000016 seconds.
  path: Assets/AddressableAssetsData/DataBuilders/BuildScriptVirtualMode.asset
  artifactKey: Guid(cb60b339b01676e46be141f46fe9abe3) Importer(815301076,1909f56bfc062723c751e8b465ee728b)
Start importing Assets/AddressableAssetsData/DataBuilders/BuildScriptVirtualMode.asset using Guid(cb60b339b01676e46be141f46fe9abe3) Importer(815301076,1909f56bfc062723c751e8b465ee728b)  -> (artifact id: 'eea7b51840b6c8d18fb436bf73a9eb06') in 0.002435 seconds 
========================================================================
Received Import Request.
  Time since last request: 564.699605 seconds.
  path: Assets/Prefabs/GEAR_CigarettePackCamel.prefab
  artifactKey: Guid(f5674614fa2b9584780bcb1b64c30666) Importer(815301076,1909f56bfc062723c751e8b465ee728b)
Start importing Assets/Prefabs/GEAR_CigarettePackCamel.prefab using Guid(f5674614fa2b9584780bcb1b64c30666) Importer(815301076,1909f56bfc062723c751e8b465ee728b)  -> (artifact id: '0a773ffea714dfc927c1797f7390a0d3') in 0.081819 seconds 
========================================================================
Received Import Request.
  Time since last request: 54.598658 seconds.
  path: Assets/Prefabs/GEAR_CigarettePackMenthol.prefab
  artifactKey: Guid(2e5d76f541dcc0947b4131465274718a) Importer(815301076,1909f56bfc062723c751e8b465ee728b)
Start importing Assets/Prefabs/GEAR_CigarettePackMenthol.prefab using Guid(2e5d76f541dcc0947b4131465274718a) Importer(815301076,1909f56bfc062723c751e8b465ee728b)  -> (artifact id: 'fb2d0ab557e5c5bb3f46cff6280b6927') in 0.023744 seconds 
========================================================================
Received Import Request.
  Time since last request: 12.265419 seconds.
  path: Assets/Prefabs/GEAR_Lighter.prefab
  artifactKey: Guid(6db7f6c7cc5616f4c937fa48fdef4dfd) Importer(815301076,1909f56bfc062723c751e8b465ee728b)
Start importing Assets/Prefabs/GEAR_Lighter.prefab using Guid(6db7f6c7cc5616f4c937fa48fdef4dfd) Importer(815301076,1909f56bfc062723c751e8b465ee728b)  -> (artifact id: '5c4fa661990caff5b03b6b4f6101c9cb') in 0.013582 seconds 
========================================================================
Received Import Request.
  Time since last request: 6.006947 seconds.
  path: Assets/Prefabs/GEAR_Lighter.prefab
  artifactKey: Guid(6db7f6c7cc5616f4c937fa48fdef4dfd) Importer(815301076,1909f56bfc062723c751e8b465ee728b)
Start importing Assets/Prefabs/GEAR_Lighter.prefab using Guid(6db7f6c7cc5616f4c937fa48fdef4dfd) Importer(815301076,1909f56bfc062723c751e8b465ee728b)  -> (artifact id: '0a3d4c0ec98bf57e344b57947ddf43f1') in 0.013590 seconds 
========================================================================
Received Import Request.
  Time since last request: 3.408744 seconds.
  path: Assets/Prefabs/GEAR_Lighter.prefab
  artifactKey: Guid(6db7f6c7cc5616f4c937fa48fdef4dfd) Importer(815301076,1909f56bfc062723c751e8b465ee728b)
Start importing Assets/Prefabs/GEAR_Lighter.prefab using Guid(6db7f6c7cc5616f4c937fa48fdef4dfd) Importer(815301076,1909f56bfc062723c751e8b465ee728b)  -> (artifact id: 'ad42e529dae4f78b6518cb56b749bdc9') in 0.015607 seconds 
========================================================================
Received Import Request.
  Time since last request: 4.398273 seconds.
  path: Assets/Prefabs/GEAR_Lighter.prefab
  artifactKey: Guid(6db7f6c7cc5616f4c937fa48fdef4dfd) Importer(815301076,1909f56bfc062723c751e8b465ee728b)
Start importing Assets/Prefabs/GEAR_Lighter.prefab using Guid(6db7f6c7cc5616f4c937fa48fdef4dfd) Importer(815301076,1909f56bfc062723c751e8b465ee728b)  -> (artifact id: '1d645efee01cd31afba7e0f87574b0bd') in 0.019875 seconds 
========================================================================
Received Import Request.
  Time since last request: 4.015903 seconds.
  path: Assets/Prefabs/GEAR_Lighter.prefab
  artifactKey: Guid(6db7f6c7cc5616f4c937fa48fdef4dfd) Importer(815301076,1909f56bfc062723c751e8b465ee728b)
Start importing Assets/Prefabs/GEAR_Lighter.prefab using Guid(6db7f6c7cc5616f4c937fa48fdef4dfd) Importer(815301076,1909f56bfc062723c751e8b465ee728b)  -> (artifact id: 'f21e1bfa4fdb7897e5fdd0d8adc71596') in 0.013781 seconds 
========================================================================
Received Import Request.
  Time since last request: 6.226475 seconds.
  path: Assets/Prefabs/GEAR_Lighter.prefab
  artifactKey: Guid(6db7f6c7cc5616f4c937fa48fdef4dfd) Importer(815301076,1909f56bfc062723c751e8b465ee728b)
Start importing Assets/Prefabs/GEAR_Lighter.prefab using Guid(6db7f6c7cc5616f4c937fa48fdef4dfd) Importer(815301076,1909f56bfc062723c751e8b465ee728b)  -> (artifact id: 'b737c815fe5f76781522a67248d29f04') in 0.013302 seconds 
========================================================================
Received Import Request.
  Time since last request: 11.091219 seconds.
  path: Assets/Prefabs/GEAR_CigarettePackLuckySmall.prefab
  artifactKey: Guid(d16710d1b76b066469ee18cab4e8de2b) Importer(815301076,1909f56bfc062723c751e8b465ee728b)
Start importing Assets/Prefabs/GEAR_CigarettePackLuckySmall.prefab using Guid(d16710d1b76b066469ee18cab4e8de2b) Importer(815301076,1909f56bfc062723c751e8b465ee728b)  -> (artifact id: '402d272fea91c63daf63e390c609e5db') in 0.012367 seconds 
========================================================================
Received Import Request.
  Time since last request: 1.786378 seconds.
  path: Assets/Prefabs/GEAR_CigarettePackLuckySmall.prefab
  artifactKey: Guid(d16710d1b76b066469ee18cab4e8de2b) Importer(815301076,1909f56bfc062723c751e8b465ee728b)
Start importing Assets/Prefabs/GEAR_CigarettePackLuckySmall.prefab using Guid(d16710d1b76b066469ee18cab4e8de2b) Importer(815301076,1909f56bfc062723c751e8b465ee728b)  -> (artifact id: '370f40f87be4fe1f84b54d81d3025e91') in 0.012811 seconds 
========================================================================
Received Import Request.
  Time since last request: 3.622559 seconds.
  path: Assets/Prefabs/GEAR_CigarettePackLuckySmall.prefab
  artifactKey: Guid(d16710d1b76b066469ee18cab4e8de2b) Importer(815301076,1909f56bfc062723c751e8b465ee728b)
Start importing Assets/Prefabs/GEAR_CigarettePackLuckySmall.prefab using Guid(d16710d1b76b066469ee18cab4e8de2b) Importer(815301076,1909f56bfc062723c751e8b465ee728b)  -> (artifact id: 'd98097dc01559056462f451bb11c6412') in 0.012958 seconds 
========================================================================
Received Import Request.
  Time since last request: 1.394895 seconds.
  path: Assets/Prefabs/GEAR_CigarettePackLuckySmall.prefab
  artifactKey: Guid(d16710d1b76b066469ee18cab4e8de2b) Importer(815301076,1909f56bfc062723c751e8b465ee728b)
Start importing Assets/Prefabs/GEAR_CigarettePackLuckySmall.prefab using Guid(d16710d1b76b066469ee18cab4e8de2b) Importer(815301076,1909f56bfc062723c751e8b465ee728b)  -> (artifact id: '82f61bd919e3ba577aeb8fa702766581') in 0.014814 seconds 
========================================================================
Received Import Request.
  Time since last request: 3.596834 seconds.
  path: Assets/Prefabs/GEAR_CigarettePackLuckySmall.prefab
  artifactKey: Guid(d16710d1b76b066469ee18cab4e8de2b) Importer(815301076,1909f56bfc062723c751e8b465ee728b)
Start importing Assets/Prefabs/GEAR_CigarettePackLuckySmall.prefab using Guid(d16710d1b76b066469ee18cab4e8de2b) Importer(815301076,1909f56bfc062723c751e8b465ee728b)  -> (artifact id: '2df14ffcd280df42089e5f85461c286b') in 0.012926 seconds 
========================================================================
Received Import Request.
  Time since last request: 3.817646 seconds.
  path: Assets/Prefabs/GEAR_CigarettePackLuckySmall.prefab
  artifactKey: Guid(d16710d1b76b066469ee18cab4e8de2b) Importer(815301076,1909f56bfc062723c751e8b465ee728b)
Start importing Assets/Prefabs/GEAR_CigarettePackLuckySmall.prefab using Guid(d16710d1b76b066469ee18cab4e8de2b) Importer(815301076,1909f56bfc062723c751e8b465ee728b)  -> (artifact id: '51ad9db25e0ca6c5204c0109b4d4b4f9') in 0.012838 seconds 
========================================================================
Received Import Request.
  Time since last request: 7.231647 seconds.
  path: Assets/Prefabs/GEAR_CigarettePackLuckySmall.prefab
  artifactKey: Guid(d16710d1b76b066469ee18cab4e8de2b) Importer(815301076,1909f56bfc062723c751e8b465ee728b)
Start importing Assets/Prefabs/GEAR_CigarettePackLuckySmall.prefab using Guid(d16710d1b76b066469ee18cab4e8de2b) Importer(815301076,1909f56bfc062723c751e8b465ee728b)  -> (artifact id: '968057663a6e1c9f9670de27070a2980') in 0.014739 seconds 
========================================================================
Received Import Request.
  Time since last request: 5.017120 seconds.
  path: Assets/Prefabs/GEAR_CigarettePackLuckySmall.prefab
  artifactKey: Guid(d16710d1b76b066469ee18cab4e8de2b) Importer(815301076,1909f56bfc062723c751e8b465ee728b)
Start importing Assets/Prefabs/GEAR_CigarettePackLuckySmall.prefab using Guid(d16710d1b76b066469ee18cab4e8de2b) Importer(815301076,1909f56bfc062723c751e8b465ee728b)  -> (artifact id: 'd62efd1f77dc9f39be1c0065709ba82f') in 0.015879 seconds 
========================================================================
Received Import Request.
  Time since last request: 5.850484 seconds.
  path: Assets/Prefabs/GEAR_CigarettePackLuckySmall.prefab
  artifactKey: Guid(d16710d1b76b066469ee18cab4e8de2b) Importer(815301076,1909f56bfc062723c751e8b465ee728b)
Start importing Assets/Prefabs/GEAR_CigarettePackLuckySmall.prefab using Guid(d16710d1b76b066469ee18cab4e8de2b) Importer(815301076,1909f56bfc062723c751e8b465ee728b)  -> (artifact id: 'c35411cc779b612c664172ec9830a776') in 0.016109 seconds 
========================================================================
Received Import Request.
  Time since last request: 8.053479 seconds.
  path: Assets/Prefabs/GEAR_CigarettePackLucky.prefab
  artifactKey: Guid(798d9d6526ee83244bf1eb79fcf34846) Importer(815301076,1909f56bfc062723c751e8b465ee728b)
Start importing Assets/Prefabs/GEAR_CigarettePackLucky.prefab using Guid(798d9d6526ee83244bf1eb79fcf34846) Importer(815301076,1909f56bfc062723c751e8b465ee728b)  -> (artifact id: 'a3e99816b717daa157902be48ffc2d96') in 0.012693 seconds 
========================================================================
Received Import Request.
  Time since last request: 4.593409 seconds.
  path: Assets/Prefabs/GEAR_CigarettePackLucky.prefab
  artifactKey: Guid(798d9d6526ee83244bf1eb79fcf34846) Importer(815301076,1909f56bfc062723c751e8b465ee728b)
Start importing Assets/Prefabs/GEAR_CigarettePackLucky.prefab using Guid(798d9d6526ee83244bf1eb79fcf34846) Importer(815301076,1909f56bfc062723c751e8b465ee728b)  -> (artifact id: 'a90af96efbc348362a5e19785c258a20') in 0.011241 seconds 
========================================================================
Received Import Request.
  Time since last request: 6.236431 seconds.
  path: Assets/Prefabs/GEAR_CigarettePackLucky.prefab
  artifactKey: Guid(798d9d6526ee83244bf1eb79fcf34846) Importer(815301076,1909f56bfc062723c751e8b465ee728b)
Start importing Assets/Prefabs/GEAR_CigarettePackLucky.prefab using Guid(798d9d6526ee83244bf1eb79fcf34846) Importer(815301076,1909f56bfc062723c751e8b465ee728b)  -> (artifact id: '24637b263c6dee3b087dee5327a9bf30') in 0.013622 seconds 
========================================================================
Received Import Request.
  Time since last request: 6.016830 seconds.
  path: Assets/Prefabs/GEAR_CigarettePackLucky.prefab
  artifactKey: Guid(798d9d6526ee83244bf1eb79fcf34846) Importer(815301076,1909f56bfc062723c751e8b465ee728b)
Start importing Assets/Prefabs/GEAR_CigarettePackLucky.prefab using Guid(798d9d6526ee83244bf1eb79fcf34846) Importer(815301076,1909f56bfc062723c751e8b465ee728b)  -> (artifact id: '1bed6b201050e3f0eff39d8f8f70761d') in 0.012151 seconds 
========================================================================
Received Import Request.
  Time since last request: 5.817447 seconds.
  path: Assets/Prefabs/GEAR_CigarettePackLucky.prefab
  artifactKey: Guid(798d9d6526ee83244bf1eb79fcf34846) Importer(815301076,1909f56bfc062723c751e8b465ee728b)
Start importing Assets/Prefabs/GEAR_CigarettePackLucky.prefab using Guid(798d9d6526ee83244bf1eb79fcf34846) Importer(815301076,1909f56bfc062723c751e8b465ee728b)  -> (artifact id: '04a079cac95065f2449320d82eb86138') in 0.013703 seconds 
========================================================================
Received Import Request.
  Time since last request: 3.803887 seconds.
  path: Assets/Prefabs/GEAR_CigarettePackLucky.prefab
  artifactKey: Guid(798d9d6526ee83244bf1eb79fcf34846) Importer(815301076,1909f56bfc062723c751e8b465ee728b)
Start importing Assets/Prefabs/GEAR_CigarettePackLucky.prefab using Guid(798d9d6526ee83244bf1eb79fcf34846) Importer(815301076,1909f56bfc062723c751e8b465ee728b)  -> (artifact id: '58c13660fdb744864aa1eb29be96c157') in 0.011281 seconds 
========================================================================
Received Import Request.
  Time since last request: 2.408930 seconds.
  path: Assets/Prefabs/GEAR_CigarettePackLucky.prefab
  artifactKey: Guid(798d9d6526ee83244bf1eb79fcf34846) Importer(815301076,1909f56bfc062723c751e8b465ee728b)
Start importing Assets/Prefabs/GEAR_CigarettePackLucky.prefab using Guid(798d9d6526ee83244bf1eb79fcf34846) Importer(815301076,1909f56bfc062723c751e8b465ee728b)  -> (artifact id: '6b137fcc56276e68375ef11561cee3b0') in 0.011813 seconds 
========================================================================
Received Import Request.
  Time since last request: 2.820054 seconds.
  path: Assets/Prefabs/GEAR_CigarettePackLucky.prefab
  artifactKey: Guid(798d9d6526ee83244bf1eb79fcf34846) Importer(815301076,1909f56bfc062723c751e8b465ee728b)
Start importing Assets/Prefabs/GEAR_CigarettePackLucky.prefab using Guid(798d9d6526ee83244bf1eb79fcf34846) Importer(815301076,1909f56bfc062723c751e8b465ee728b)  -> (artifact id: '4fd869d5c8813853e0af1a0e22ba6fd8') in 0.015568 seconds 
========================================================================
Received Import Request.
  Time since last request: 7.195534 seconds.
  path: Assets/Prefabs/GEAR_CigarettePackLucky.prefab
  artifactKey: Guid(798d9d6526ee83244bf1eb79fcf34846) Importer(815301076,1909f56bfc062723c751e8b465ee728b)
Start importing Assets/Prefabs/GEAR_CigarettePackLucky.prefab using Guid(798d9d6526ee83244bf1eb79fcf34846) Importer(815301076,1909f56bfc062723c751e8b465ee728b)  -> (artifact id: '8d8e22c12708fcec0cd24a534e0bcfe7') in 0.015101 seconds 
========================================================================
Received Import Request.
  Time since last request: 2.594885 seconds.
  path: Assets/Prefabs/GEAR_CigarettePackLucky.prefab
  artifactKey: Guid(798d9d6526ee83244bf1eb79fcf34846) Importer(815301076,1909f56bfc062723c751e8b465ee728b)
Start importing Assets/Prefabs/GEAR_CigarettePackLucky.prefab using Guid(798d9d6526ee83244bf1eb79fcf34846) Importer(815301076,1909f56bfc062723c751e8b465ee728b)  -> (artifact id: 'd661b09ea6c2157187e1f46eca9fd6b6') in 0.012922 seconds 
========================================================================
Received Import Request.
  Time since last request: 8.025662 seconds.
  path: Assets/Prefabs/GEAR_CigarettePackLucky.prefab
  artifactKey: Guid(798d9d6526ee83244bf1eb79fcf34846) Importer(815301076,1909f56bfc062723c751e8b465ee728b)
Start importing Assets/Prefabs/GEAR_CigarettePackLucky.prefab using Guid(798d9d6526ee83244bf1eb79fcf34846) Importer(815301076,1909f56bfc062723c751e8b465ee728b)  -> (artifact id: '74a50790b4bd249f3784f8170cf80ff7') in 0.016937 seconds 
========================================================================
Received Import Request.
  Time since last request: 10.466709 seconds.
  path: Assets/Prefabs/GEAR_CigarettePackHappiness.prefab
  artifactKey: Guid(4bb95429c0b2e7647ab2b99f91ba435a) Importer(815301076,1909f56bfc062723c751e8b465ee728b)
Start importing Assets/Prefabs/GEAR_CigarettePackHappiness.prefab using Guid(4bb95429c0b2e7647ab2b99f91ba435a) Importer(815301076,1909f56bfc062723c751e8b465ee728b)  -> (artifact id: '1211eabf247c8255451017b6592999a0') in 0.011689 seconds 
========================================================================
Received Import Request.
  Time since last request: 6.594348 seconds.
  path: Assets/Prefabs/GEAR_CigarettePackHappiness.prefab
  artifactKey: Guid(4bb95429c0b2e7647ab2b99f91ba435a) Importer(815301076,1909f56bfc062723c751e8b465ee728b)
Start importing Assets/Prefabs/GEAR_CigarettePackHappiness.prefab using Guid(4bb95429c0b2e7647ab2b99f91ba435a) Importer(815301076,1909f56bfc062723c751e8b465ee728b)  -> (artifact id: 'f31da4b493d18984bb16110d905c4dad') in 0.015204 seconds 
========================================================================
Received Import Request.
  Time since last request: 16.319284 seconds.
  path: Assets/Prefabs/GEAR_CigarettePackCamel.prefab
  artifactKey: Guid(f5674614fa2b9584780bcb1b64c30666) Importer(815301076,1909f56bfc062723c751e8b465ee728b)
Start importing Assets/Prefabs/GEAR_CigarettePackCamel.prefab using Guid(f5674614fa2b9584780bcb1b64c30666) Importer(815301076,1909f56bfc062723c751e8b465ee728b)  -> (artifact id: 'b8fad97994d6eea2b50e1803b6dac38b') in 0.011428 seconds 
========================================================================
Received Import Request.
  Time since last request: 20.759904 seconds.
  path: Assets/Prefabs/GEAR_CigarettePackCamel.prefab
  artifactKey: Guid(f5674614fa2b9584780bcb1b64c30666) Importer(815301076,1909f56bfc062723c751e8b465ee728b)
Start importing Assets/Prefabs/GEAR_CigarettePackCamel.prefab using Guid(f5674614fa2b9584780bcb1b64c30666) Importer(815301076,1909f56bfc062723c751e8b465ee728b)  -> (artifact id: '6dfa29dc1dbb8f5071e098d22d5da8b8') in 0.017240 seconds 
========================================================================
Received Import Request.
  Time since last request: 2.807538 seconds.
  path: Assets/Prefabs/GEAR_CigarettePackCamel.prefab
  artifactKey: Guid(f5674614fa2b9584780bcb1b64c30666) Importer(815301076,1909f56bfc062723c751e8b465ee728b)
Start importing Assets/Prefabs/GEAR_CigarettePackCamel.prefab using Guid(f5674614fa2b9584780bcb1b64c30666) Importer(815301076,1909f56bfc062723c751e8b465ee728b)  -> (artifact id: 'd034a426a1ae65ae8e7e49f0ab56a7cb') in 0.012053 seconds 
========================================================================
Received Import Request.
  Time since last request: 12.484248 seconds.
  path: Assets/Prefabs/GEAR_CigarettePackCamel.prefab
  artifactKey: Guid(f5674614fa2b9584780bcb1b64c30666) Importer(815301076,1909f56bfc062723c751e8b465ee728b)
Start importing Assets/Prefabs/GEAR_CigarettePackCamel.prefab using Guid(f5674614fa2b9584780bcb1b64c30666) Importer(815301076,1909f56bfc062723c751e8b465ee728b)  -> (artifact id: '872567f696c6e25f9db2de7c2bc009d1') in 0.011758 seconds 
========================================================================
Received Import Request.
  Time since last request: 4.418158 seconds.
  path: Assets/Prefabs/GEAR_CigarettePackCamel.prefab
  artifactKey: Guid(f5674614fa2b9584780bcb1b64c30666) Importer(815301076,1909f56bfc062723c751e8b465ee728b)
Start importing Assets/Prefabs/GEAR_CigarettePackCamel.prefab using Guid(f5674614fa2b9584780bcb1b64c30666) Importer(815301076,1909f56bfc062723c751e8b465ee728b)  -> (artifact id: '0ab3240f30ddb5a59fa4fb36d3ece474') in 0.011054 seconds 
========================================================================
Received Import Request.
  Time since last request: 10.989633 seconds.
  path: Assets/Prefabs/GEAR_CigarettePackCamel.prefab
  artifactKey: Guid(f5674614fa2b9584780bcb1b64c30666) Importer(815301076,1909f56bfc062723c751e8b465ee728b)
Start importing Assets/Prefabs/GEAR_CigarettePackCamel.prefab using Guid(f5674614fa2b9584780bcb1b64c30666) Importer(815301076,1909f56bfc062723c751e8b465ee728b)  -> (artifact id: '88608851204b6aa0f927042e744b1f3d') in 0.011772 seconds 
========================================================================
Received Import Request.
  Time since last request: 5.402270 seconds.
  path: Assets/Prefabs/GEAR_CigarettePackCamel.prefab
  artifactKey: Guid(f5674614fa2b9584780bcb1b64c30666) Importer(815301076,1909f56bfc062723c751e8b465ee728b)
Start importing Assets/Prefabs/GEAR_CigarettePackCamel.prefab using Guid(f5674614fa2b9584780bcb1b64c30666) Importer(815301076,1909f56bfc062723c751e8b465ee728b)  -> (artifact id: '223841c76daad1b3c22c878cc1d2199c') in 0.014452 seconds 
========================================================================
Received Import Request.
  Time since last request: 15.743304 seconds.
  path: Assets/Prefabs/GEAR_CigaretteLucky.prefab
  artifactKey: Guid(b5a7e971f3c40234383d1e83f607710d) Importer(815301076,1909f56bfc062723c751e8b465ee728b)
Start importing Assets/Prefabs/GEAR_CigaretteLucky.prefab using Guid(b5a7e971f3c40234383d1e83f607710d) Importer(815301076,1909f56bfc062723c751e8b465ee728b)  -> (artifact id: '2f461db474bf15375336d47bbd69ec99') in 0.011348 seconds 
========================================================================
Received Import Request.
  Time since last request: 10.819337 seconds.
  path: Assets/Prefabs/GEAR_CigaretteLucky.prefab
  artifactKey: Guid(b5a7e971f3c40234383d1e83f607710d) Importer(815301076,1909f56bfc062723c751e8b465ee728b)
Start importing Assets/Prefabs/GEAR_CigaretteLucky.prefab using Guid(b5a7e971f3c40234383d1e83f607710d) Importer(815301076,1909f56bfc062723c751e8b465ee728b)  -> (artifact id: '32021720f42a76366f24b0a17228418f') in 0.011218 seconds 
========================================================================
Received Import Request.
  Time since last request: 3.433159 seconds.
  path: Assets/Prefabs/GEAR_CigaretteLucky.prefab
  artifactKey: Guid(b5a7e971f3c40234383d1e83f607710d) Importer(815301076,1909f56bfc062723c751e8b465ee728b)
Start importing Assets/Prefabs/GEAR_CigaretteLucky.prefab using Guid(b5a7e971f3c40234383d1e83f607710d) Importer(815301076,1909f56bfc062723c751e8b465ee728b)  -> (artifact id: '9e9124dcbc3f36cc85e728f5454ac984') in 0.017094 seconds 
========================================================================
Received Import Request.
  Time since last request: 106.577945 seconds.
  path: Assets/Prefabs/GEAR_CigarettePackCamel.prefab
  artifactKey: Guid(f5674614fa2b9584780bcb1b64c30666) Importer(815301076,1909f56bfc062723c751e8b465ee728b)
Start importing Assets/Prefabs/GEAR_CigarettePackCamel.prefab using Guid(f5674614fa2b9584780bcb1b64c30666) Importer(815301076,1909f56bfc062723c751e8b465ee728b)  -> (artifact id: '61be9588ae7783aaa3060efd840f8731') in 0.011193 seconds 
