Using pre-set license
Built from '2021.3/staging' branch; Version is '2021.3.6f1 (7da38d85baf6) revision 8233869'; Using compiler version '192829333'; Build Type 'Release'
OS: 'Windows 10  (10.0.19045) 64bit Core' Language: 'el' Physical Memory: 49067 MB
BatchMode: 1, IsHumanControllingUs: 0, StartBugReporterOnCrash: 0, Is64bit: 1, IsPro: 1

COMMAND LINE ARGUMENTS:
C:\Program Files\Unity\Hub\Editor\2021.3.6f1\Editor\Unity.exe
-adb2
-batchMode
-noUpm
-name
AssetImportWorker2
-projectPath
C:/Users/PC/My project
-logFile
Logs/AssetImportWorker2.log
-srvPort
49726
Successfully changed project path to: C:/Users/PC/My project
C:/Users/PC/My project
[UnityMemory] Configuration Parameters - Can be set up in boot.config
    "memorysetup-bucket-allocator-granularity=16"
    "memorysetup-bucket-allocator-bucket-count=8"
    "memorysetup-bucket-allocator-block-size=33554432"
    "memorysetup-bucket-allocator-block-count=8"
    "memorysetup-main-allocator-block-size=16777216"
    "memorysetup-thread-allocator-block-size=16777216"
    "memorysetup-gfx-main-allocator-block-size=16777216"
    "memorysetup-gfx-thread-allocator-block-size=16777216"
    "memorysetup-cache-allocator-block-size=4194304"
    "memorysetup-typetree-allocator-block-size=2097152"
    "memorysetup-profiler-bucket-allocator-granularity=16"
    "memorysetup-profiler-bucket-allocator-bucket-count=8"
    "memorysetup-profiler-bucket-allocator-block-size=33554432"
    "memorysetup-profiler-bucket-allocator-block-count=8"
    "memorysetup-profiler-allocator-block-size=16777216"
    "memorysetup-profiler-editor-allocator-block-size=1048576"
    "memorysetup-temp-allocator-size-main=16777216"
    "memorysetup-job-temp-allocator-block-size=2097152"
    "memorysetup-job-temp-allocator-block-size-background=1048576"
    "memorysetup-job-temp-allocator-reduction-small-platforms=262144"
    "memorysetup-temp-allocator-size-background-worker=32768"
    "memorysetup-temp-allocator-size-job-worker=262144"
    "memorysetup-temp-allocator-size-preload-manager=33554432"
    "memorysetup-temp-allocator-size-nav-mesh-worker=65536"
    "memorysetup-temp-allocator-size-audio-worker=65536"
    "memorysetup-temp-allocator-size-cloud-worker=32768"
    "memorysetup-temp-allocator-size-gi-baking-worker=262144"
    "memorysetup-temp-allocator-size-gfx=262144"
Refreshing native plugins compatible for Editor in 82.85 ms, found 3 plugins.
Preloading 0 native plugins for Editor in 0.00 ms.
Initialize engine version: 2021.3.6f1 (7da38d85baf6)
[Subsystems] Discovering subsystems at path C:/Program Files/Unity/Hub/Editor/2021.3.6f1/Editor/Data/Resources/UnitySubsystems
[Subsystems] Discovering subsystems at path C:/Users/PC/My project/Assets
GfxDevice: creating device client; threaded=0; jobified=0
Direct3D:
    Version:  Direct3D 11.0 [level 11.1]
    Renderer: NVIDIA GeForce RTX 3080 (ID=0x2206)
    Vendor:   NVIDIA
    VRAM:     10067 MB
    Driver:   31.0.15.3141
Initialize mono
Mono path[0] = 'C:/Program Files/Unity/Hub/Editor/2021.3.6f1/Editor/Data/Managed'
Mono path[1] = 'C:/Program Files/Unity/Hub/Editor/2021.3.6f1/Editor/Data/MonoBleedingEdge/lib/mono/unityjit-win32'
Mono config path = 'C:/Program Files/Unity/Hub/Editor/2021.3.6f1/Editor/Data/MonoBleedingEdge/etc'
Using monoOptions --debugger-agent=transport=dt_socket,embedding=1,server=y,suspend=n,address=127.0.0.1:56072
Begin MonoManager ReloadAssembly
Registering precompiled unity dll's ...
Register platform support module: C:/Program Files/Unity/Hub/Editor/2021.3.6f1/Editor/Data/PlaybackEngines/WindowsStandaloneSupport/UnityEditor.WindowsStandalone.Extensions.dll
Registered in 0.007971 seconds.
Native extension for WindowsStandalone target not found
Refreshing native plugins compatible for Editor in 79.85 ms, found 3 plugins.
Preloading 0 native plugins for Editor in 0.00 ms.
Mono: successfully reloaded assembly
- Completed reload, in  0.641 seconds
Domain Reload Profiling:
	ReloadAssembly (642ms)
		BeginReloadAssembly (93ms)
			ExecutionOrderSort (0ms)
			DisableScriptedObjects (0ms)
			BackupInstance (0ms)
			ReleaseScriptingObjects (0ms)
			CreateAndSetChildDomain (1ms)
		EndReloadAssembly (430ms)
			LoadAssemblies (91ms)
			RebuildTransferFunctionScriptingTraits (0ms)
			SetupTypeCache (101ms)
			ReleaseScriptCaches (0ms)
			RebuildScriptCaches (26ms)
			SetupLoadedEditorAssemblies (256ms)
				LogAssemblyErrors (0ms)
				InitializePlatformSupportModulesInManaged (7ms)
				SetLoadedEditorAssemblies (0ms)
				RefreshPlugins (80ms)
				BeforeProcessingInitializeOnLoad (1ms)
				ProcessInitializeOnLoadAttributes (126ms)
				ProcessInitializeOnLoadMethodAttributes (41ms)
				AfterProcessingInitializeOnLoad (0ms)
				EditorAssembliesLoaded (0ms)
			ExecutionOrderSort2 (0ms)
			AwakeInstancesAfterBackupRestoration (0ms)
Platform modules already initialized, skipping
Registering precompiled user dll's ...
Registered in 0.006404 seconds.
Begin MonoManager ReloadAssembly
Symbol file LoadedFromMemory doesn't match image C:\Users\PC\My project\Library\PackageCache\com.unity.visualscripting@1.7.8\Editor\VisualScripting.Core\Dependencies\YamlDotNet\Unity.VisualScripting.YamlDotNet.dll
Symbol file LoadedFromMemory doesn't match image C:\Users\PC\My project\Library\PackageCache\com.unity.visualscripting@1.7.8\Editor\VisualScripting.Core\Dependencies\DotNetZip\Unity.VisualScripting.IonicZip.dll
Native extension for WindowsStandalone target not found
Refreshing native plugins compatible for Editor in 0.50 ms, found 3 plugins.
Preloading 0 native plugins for Editor in 0.00 ms.
Mono: successfully reloaded assembly
- Completed reload, in  1.015 seconds
Domain Reload Profiling:
	ReloadAssembly (1016ms)
		BeginReloadAssembly (110ms)
			ExecutionOrderSort (0ms)
			DisableScriptedObjects (5ms)
			BackupInstance (0ms)
			ReleaseScriptingObjects (0ms)
			CreateAndSetChildDomain (18ms)
		EndReloadAssembly (783ms)
			LoadAssemblies (85ms)
			RebuildTransferFunctionScriptingTraits (0ms)
			SetupTypeCache (271ms)
			ReleaseScriptCaches (1ms)
			RebuildScriptCaches (50ms)
			SetupLoadedEditorAssemblies (345ms)
				LogAssemblyErrors (0ms)
				InitializePlatformSupportModulesInManaged (6ms)
				SetLoadedEditorAssemblies (0ms)
				RefreshPlugins (1ms)
				BeforeProcessingInitializeOnLoad (92ms)
				ProcessInitializeOnLoadAttributes (210ms)
				ProcessInitializeOnLoadMethodAttributes (28ms)
				AfterProcessingInitializeOnLoad (8ms)
				EditorAssembliesLoaded (0ms)
			ExecutionOrderSort2 (0ms)
			AwakeInstancesAfterBackupRestoration (7ms)
Platform modules already initialized, skipping
========================================================================
Worker process is ready to serve import requests
Launched and connected shader compiler UnityShaderCompiler.exe after 0.05 seconds
Refreshing native plugins compatible for Editor in 0.73 ms, found 3 plugins.
Preloading 0 native plugins for Editor in 0.00 ms.
Unloading 3368 Unused Serialized files (Serialized files now loaded: 0)
Unloading 27 unused Assets / (111.0 KB). Loaded Objects now: 3825.
Memory consumption went from 115.8 MB to 115.7 MB.
Total: 3.068600 ms (FindLiveObjects: 0.263000 ms CreateObjectMapping: 0.186600 ms MarkObjects: 2.514700 ms  DeleteObjects: 0.103500 ms)

AssetImportParameters requested are different than current active one (requested -> active):
  custom:video-decoder-ogg-theora: a1e56fd34408186e4bbccfd4996cb3dc -> 
  custom:container-muxer-webm: aa71ff27fc2769a1b78a27578f13a17b -> 
  custom:container-demuxer-webm: 4f35f7cbe854078d1ac9338744f61a02 -> 
  custom:video-encoder-webm-vp8: eb34c28f22e8b96e1ab97ce403110664 -> 
  custom:audio-encoder-webm-vorbis: bf7c407c2cedff20999df2af8eb42d56 -> 
  custom:framework-win-MediaFoundation: 216162199b28c13a410421893ffa2e32 -> 
  custom:container-demuxer-ogg: 62fdf1f143b41e24485cea50d1cbac27 -> 
  custom:video-decoder-webm-vp8: 9c59270c3fd7afecdb556c50c9e8de78 -> 
  custom:audio-decoder-ogg-vorbis: bf7c407c2cedff20999df2af8eb42d56 -> 
========================================================================
Received Import Request.
  Time since last request: 1302045.117356 seconds.
  path: Assets/InventoryGridIcons/ico_GearItem__Lighter.png
  artifactKey: Guid(d7fe4a62ffef53a4a8120095e11a0f99) Importer(815301076,1909f56bfc062723c751e8b465ee728b)
Start importing Assets/InventoryGridIcons/ico_GearItem__Lighter.png using Guid(d7fe4a62ffef53a4a8120095e11a0f99) Importer(815301076,1909f56bfc062723c751e8b465ee728b)  -> (artifact id: 'b69b5aa421100eefda83c6a01364df2f') in 0.120345 seconds 
========================================================================
Received Import Request.
  Time since last request: 17.203063 seconds.
  path: Assets/Models
  artifactKey: Guid(a98e90cb4bb13e248b1723cf28bd5d5b) Importer(815301076,1909f56bfc062723c751e8b465ee728b)
Start importing Assets/Models using Guid(a98e90cb4bb13e248b1723cf28bd5d5b) Importer(815301076,1909f56bfc062723c751e8b465ee728b)  -> (artifact id: '233fcd9271cf8e7dc44cd50819074d72') in 0.003558 seconds 
========================================================================
Received Import Request.
  Time since last request: 5.919847 seconds.
  path: Assets/Models/camel1.prefab
  artifactKey: Guid(8138f32082189a841805f286c6974065) Importer(815301076,1909f56bfc062723c751e8b465ee728b)
Start importing Assets/Models/camel1.prefab using Guid(8138f32082189a841805f286c6974065) Importer(815301076,1909f56bfc062723c751e8b465ee728b)  -> (artifact id: 'a25649f5f3d3361ab11de4534948f8bc') in 0.077926 seconds 
========================================================================
Received Import Request.
  Time since last request: 0.000035 seconds.
  path: Assets/Models/CigarettesPack_LuckyStrike_4_Inside_LOD0.asset
  artifactKey: Guid(c8455ba24ba398948b2ec06a1c0aab6f) Importer(815301076,1909f56bfc062723c751e8b465ee728b)
Start importing Assets/Models/CigarettesPack_LuckyStrike_4_Inside_LOD0.asset using Guid(c8455ba24ba398948b2ec06a1c0aab6f) Importer(815301076,1909f56bfc062723c751e8b465ee728b)  -> (artifact id: 'c8d4659370405a014d2fa54e71efd9fd') in 0.257355 seconds 
========================================================================
Received Import Request.
  Time since last request: 0.000044 seconds.
  path: Assets/Models/Rotating_Cap.asset
  artifactKey: Guid(e8117293132d5b34cb0859ad565f48e1) Importer(815301076,1909f56bfc062723c751e8b465ee728b)
Start importing Assets/Models/Rotating_Cap.asset using Guid(e8117293132d5b34cb0859ad565f48e1) Importer(815301076,1909f56bfc062723c751e8b465ee728b)  -> (artifact id: '8a6376f72ec3e49b5c2e9e1e68ed3e9d') in 0.011216 seconds 
========================================================================
Received Import Request.
  Time since last request: 0.000027 seconds.
  path: Assets/Models/Cigarette05.asset
  artifactKey: Guid(452250ace6f1e184d86ffb6dd9dd8222) Importer(815301076,1909f56bfc062723c751e8b465ee728b)
Start importing Assets/Models/Cigarette05.asset using Guid(452250ace6f1e184d86ffb6dd9dd8222) Importer(815301076,1909f56bfc062723c751e8b465ee728b)  -> (artifact id: '8b2c64d4d727270a3d9246a6d5aaa26b') in 0.009362 seconds 
========================================================================
Received Import Request.
  Time since last request: 0.000031 seconds.
  path: Assets/Models/Cigarette06.asset
  artifactKey: Guid(966402b0f5e603845bb5aa6bf02f5961) Importer(815301076,1909f56bfc062723c751e8b465ee728b)
Start importing Assets/Models/Cigarette06.asset using Guid(966402b0f5e603845bb5aa6bf02f5961) Importer(815301076,1909f56bfc062723c751e8b465ee728b)  -> (artifact id: 'e4a1121cfcb13a87066714dc3c868a2e') in 0.012592 seconds 
========================================================================
Received Import Request.
  Time since last request: 0.000036 seconds.
  path: Assets/Models/Cigarette14.asset
  artifactKey: Guid(51b0dfdcd7ed9474790cc5c93f7061b4) Importer(815301076,1909f56bfc062723c751e8b465ee728b)
Start importing Assets/Models/Cigarette14.asset using Guid(51b0dfdcd7ed9474790cc5c93f7061b4) Importer(815301076,1909f56bfc062723c751e8b465ee728b)  -> (artifact id: '612a76cb777b2b22a8be5f38c1f9d6b8') in 0.010221 seconds 
========================================================================
Received Import Request.
  Time since last request: 0.000037 seconds.
  path: Assets/Models/Ultralights.prefab
  artifactKey: Guid(9c7f2c57f1764bc4bbbc1915ba521654) Importer(815301076,1909f56bfc062723c751e8b465ee728b)
Start importing Assets/Models/Ultralights.prefab using Guid(9c7f2c57f1764bc4bbbc1915ba521654) Importer(815301076,1909f56bfc062723c751e8b465ee728b)  -> (artifact id: 'ecbd79c11fa43436ee69e409c004d6b7') in 0.077419 seconds 
========================================================================
Received Import Request.
  Time since last request: 0.000029 seconds.
  path: Assets/Models/Cigarette_01_LOD0.asset
  artifactKey: Guid(607a4b041a52b904b952060a1e821c97) Importer(815301076,1909f56bfc062723c751e8b465ee728b)
Start importing Assets/Models/Cigarette_01_LOD0.asset using Guid(607a4b041a52b904b952060a1e821c97) Importer(815301076,1909f56bfc062723c751e8b465ee728b)  -> (artifact id: 'd04a57d4fdf8634ce4e3ecef46c91ed6') in 0.010748 seconds 
========================================================================
Received Import Request.
  Time since last request: 0.000025 seconds.
  path: Assets/Models/CigarettesPack_LuckyStrike_4_LOD0.asset
  artifactKey: Guid(012f06115a7ee91449abc5b0e3fbe8aa) Importer(815301076,1909f56bfc062723c751e8b465ee728b)
Start importing Assets/Models/CigarettesPack_LuckyStrike_4_LOD0.asset using Guid(012f06115a7ee91449abc5b0e3fbe8aa) Importer(815301076,1909f56bfc062723c751e8b465ee728b)  -> (artifact id: '5ba6d89a10c744c65ecc3f5c1b60861b') in 0.009522 seconds 
========================================================================
Received Import Request.
  Time since last request: 0.000020 seconds.
  path: Assets/Models/Cigarette09.asset
  artifactKey: Guid(f9aa49746982ac34c9bf3ca9119c1b8f) Importer(815301076,1909f56bfc062723c751e8b465ee728b)
Start importing Assets/Models/Cigarette09.asset using Guid(f9aa49746982ac34c9bf3ca9119c1b8f) Importer(815301076,1909f56bfc062723c751e8b465ee728b)  -> (artifact id: '9f3a7f7904c59c9764734ff2c504f863') in 0.009128 seconds 
========================================================================
Received Import Request.
  Time since last request: 0.000036 seconds.
  path: Assets/Models/polySurface6.asset
  artifactKey: Guid(594a84f42d4e34442b94a6332e64c004) Importer(815301076,1909f56bfc062723c751e8b465ee728b)
Start importing Assets/Models/polySurface6.asset using Guid(594a84f42d4e34442b94a6332e64c004) Importer(815301076,1909f56bfc062723c751e8b465ee728b)  -> (artifact id: '014e983146083b5f4e7de6fad03d69c3') in 0.009172 seconds 
========================================================================
Received Import Request.
  Time since last request: 0.000032 seconds.
  path: Assets/Models/CigarettesPack_LuckyStrike_4_LOD1.asset
  artifactKey: Guid(558529323ec5fb34b871a76eeb412f7b) Importer(815301076,1909f56bfc062723c751e8b465ee728b)
Start importing Assets/Models/CigarettesPack_LuckyStrike_4_LOD1.asset using Guid(558529323ec5fb34b871a76eeb412f7b) Importer(815301076,1909f56bfc062723c751e8b465ee728b)  -> (artifact id: '7ff1c8fece2aabf869fb24d122a4a0b4') in 0.009115 seconds 
========================================================================
Received Import Request.
  Time since last request: 0.000039 seconds.
  path: Assets/Models/Cigarette01.asset
  artifactKey: Guid(ac3f65cf42032d74085056a8721eabf3) Importer(815301076,1909f56bfc062723c751e8b465ee728b)
Start importing Assets/Models/Cigarette01.asset using Guid(ac3f65cf42032d74085056a8721eabf3) Importer(815301076,1909f56bfc062723c751e8b465ee728b)  -> (artifact id: 'cc2f8b41f09acbfe3fe4fc5432ba0777') in 0.007059 seconds 
========================================================================
Received Import Request.
  Time since last request: 0.000023 seconds.
  path: Assets/Models/doha_up.asset
  artifactKey: Guid(15989ee57f16ba440a8eae80167fd5e7) Importer(815301076,1909f56bfc062723c751e8b465ee728b)
Start importing Assets/Models/doha_up.asset using Guid(15989ee57f16ba440a8eae80167fd5e7) Importer(815301076,1909f56bfc062723c751e8b465ee728b)  -> (artifact id: '122e8bfebe72407e97351b19292a919f') in 0.007841 seconds 
========================================================================
Received Import Request.
  Time since last request: 11.075141 seconds.
  path: Assets/Prefabs
  artifactKey: Guid(3b42ea7fb4e03704abea1009b56f1914) Importer(815301076,1909f56bfc062723c751e8b465ee728b)
Start importing Assets/Prefabs using Guid(3b42ea7fb4e03704abea1009b56f1914) Importer(815301076,1909f56bfc062723c751e8b465ee728b)  -> (artifact id: '2a9543c609dd1322df9c973cd1a0a9cf') in 0.003315 seconds 
========================================================================
Received Import Request.
  Time since last request: 4.016019 seconds.
  path: Assets/Prefabs/GEAR_Cigarette.prefab
  artifactKey: Guid(0a2f7808d49f11948bcf56dd9700c808) Importer(815301076,1909f56bfc062723c751e8b465ee728b)
Start importing Assets/Prefabs/GEAR_Cigarette.prefab using Guid(0a2f7808d49f11948bcf56dd9700c808) Importer(815301076,1909f56bfc062723c751e8b465ee728b)  -> (artifact id: '9ca58774bcecc00139970dba89ea6653') in 0.037883 seconds 
========================================================================
Received Import Request.
  Time since last request: 0.000021 seconds.
  path: Assets/Prefabs/GEAR_CigarettePackLucky.prefab
  artifactKey: Guid(798d9d6526ee83244bf1eb79fcf34846) Importer(815301076,1909f56bfc062723c751e8b465ee728b)
Start importing Assets/Prefabs/GEAR_CigarettePackLucky.prefab using Guid(798d9d6526ee83244bf1eb79fcf34846) Importer(815301076,1909f56bfc062723c751e8b465ee728b)  -> (artifact id: 'a7ec1505684ee5899a528271ea5a188b') in 0.013452 seconds 
Editor requested this worker to shutdown with reason: Scaling down because of idle timeout
AssetImportWorker is now disconnected from the server
Process exiting
Exiting without the bug reporter. Application will terminate with return code 0