Using pre-set license
Built from '2021.3/staging' branch; Version is '2021.3.6f1 (7da38d85baf6) revision 8233869'; Using compiler version '192829333'; Build Type 'Release'
OS: 'Windows 10  (10.0.19045) 64bit Core' Language: 'el' Physical Memory: 49067 MB
BatchMode: 1, IsHumanControllingUs: 0, StartBugReporterOnCrash: 0, Is64bit: 1, IsPro: 1

COMMAND LINE ARGUMENTS:
C:\Program Files\Unity\Hub\Editor\2021.3.6f1\Editor\Unity.exe
-adb2
-batchMode
-noUpm
-name
AssetImportWorker1
-projectPath
C:/Users/PC/My project
-logFile
Logs/AssetImportWorker1.log
-srvPort
49726
Successfully changed project path to: C:/Users/PC/My project
C:/Users/PC/My project
[UnityMemory] Configuration Parameters - Can be set up in boot.config
    "memorysetup-bucket-allocator-granularity=16"
    "memorysetup-bucket-allocator-bucket-count=8"
    "memorysetup-bucket-allocator-block-size=33554432"
    "memorysetup-bucket-allocator-block-count=8"
    "memorysetup-main-allocator-block-size=16777216"
    "memorysetup-thread-allocator-block-size=16777216"
    "memorysetup-gfx-main-allocator-block-size=16777216"
    "memorysetup-gfx-thread-allocator-block-size=16777216"
    "memorysetup-cache-allocator-block-size=4194304"
    "memorysetup-typetree-allocator-block-size=2097152"
    "memorysetup-profiler-bucket-allocator-granularity=16"
    "memorysetup-profiler-bucket-allocator-bucket-count=8"
    "memorysetup-profiler-bucket-allocator-block-size=33554432"
    "memorysetup-profiler-bucket-allocator-block-count=8"
    "memorysetup-profiler-allocator-block-size=16777216"
    "memorysetup-profiler-editor-allocator-block-size=1048576"
    "memorysetup-temp-allocator-size-main=16777216"
    "memorysetup-job-temp-allocator-block-size=2097152"
    "memorysetup-job-temp-allocator-block-size-background=1048576"
    "memorysetup-job-temp-allocator-reduction-small-platforms=262144"
    "memorysetup-temp-allocator-size-background-worker=32768"
    "memorysetup-temp-allocator-size-job-worker=262144"
    "memorysetup-temp-allocator-size-preload-manager=33554432"
    "memorysetup-temp-allocator-size-nav-mesh-worker=65536"
    "memorysetup-temp-allocator-size-audio-worker=65536"
    "memorysetup-temp-allocator-size-cloud-worker=32768"
    "memorysetup-temp-allocator-size-gi-baking-worker=262144"
    "memorysetup-temp-allocator-size-gfx=262144"
Refreshing native plugins compatible for Editor in 112.24 ms, found 3 plugins.
Preloading 0 native plugins for Editor in 0.00 ms.
Initialize engine version: 2021.3.6f1 (7da38d85baf6)
[Subsystems] Discovering subsystems at path C:/Program Files/Unity/Hub/Editor/2021.3.6f1/Editor/Data/Resources/UnitySubsystems
[Subsystems] Discovering subsystems at path C:/Users/PC/My project/Assets
GfxDevice: creating device client; threaded=0; jobified=0
Direct3D:
    Version:  Direct3D 11.0 [level 11.1]
    Renderer: NVIDIA GeForce RTX 3080 (ID=0x2206)
    Vendor:   NVIDIA
    VRAM:     10067 MB
    Driver:   31.0.15.3141
Initialize mono
Mono path[0] = 'C:/Program Files/Unity/Hub/Editor/2021.3.6f1/Editor/Data/Managed'
Mono path[1] = 'C:/Program Files/Unity/Hub/Editor/2021.3.6f1/Editor/Data/MonoBleedingEdge/lib/mono/unityjit-win32'
Mono config path = 'C:/Program Files/Unity/Hub/Editor/2021.3.6f1/Editor/Data/MonoBleedingEdge/etc'
Using monoOptions --debugger-agent=transport=dt_socket,embedding=1,server=y,suspend=n,address=127.0.0.1:56352
Begin MonoManager ReloadAssembly
Registering precompiled unity dll's ...
Register platform support module: C:/Program Files/Unity/Hub/Editor/2021.3.6f1/Editor/Data/PlaybackEngines/WindowsStandaloneSupport/UnityEditor.WindowsStandalone.Extensions.dll
Registered in 0.011224 seconds.
Native extension for WindowsStandalone target not found
Refreshing native plugins compatible for Editor in 79.08 ms, found 3 plugins.
Preloading 0 native plugins for Editor in 0.00 ms.
Mono: successfully reloaded assembly
- Completed reload, in  0.621 seconds
Domain Reload Profiling:
	ReloadAssembly (621ms)
		BeginReloadAssembly (82ms)
			ExecutionOrderSort (0ms)
			DisableScriptedObjects (0ms)
			BackupInstance (0ms)
			ReleaseScriptingObjects (0ms)
			CreateAndSetChildDomain (1ms)
		EndReloadAssembly (429ms)
			LoadAssemblies (79ms)
			RebuildTransferFunctionScriptingTraits (0ms)
			SetupTypeCache (97ms)
			ReleaseScriptCaches (0ms)
			RebuildScriptCaches (29ms)
			SetupLoadedEditorAssemblies (253ms)
				LogAssemblyErrors (0ms)
				InitializePlatformSupportModulesInManaged (7ms)
				SetLoadedEditorAssemblies (0ms)
				RefreshPlugins (79ms)
				BeforeProcessingInitializeOnLoad (1ms)
				ProcessInitializeOnLoadAttributes (125ms)
				ProcessInitializeOnLoadMethodAttributes (40ms)
				AfterProcessingInitializeOnLoad (0ms)
				EditorAssembliesLoaded (0ms)
			ExecutionOrderSort2 (0ms)
			AwakeInstancesAfterBackupRestoration (0ms)
Platform modules already initialized, skipping
Registering precompiled user dll's ...
Registered in 0.006297 seconds.
Begin MonoManager ReloadAssembly
Symbol file LoadedFromMemory doesn't match image C:\Users\PC\My project\Library\PackageCache\com.unity.visualscripting@1.7.8\Editor\VisualScripting.Core\Dependencies\YamlDotNet\Unity.VisualScripting.YamlDotNet.dll
Symbol file LoadedFromMemory doesn't match image C:\Users\PC\My project\Library\PackageCache\com.unity.visualscripting@1.7.8\Editor\VisualScripting.Core\Dependencies\DotNetZip\Unity.VisualScripting.IonicZip.dll
Native extension for WindowsStandalone target not found
Refreshing native plugins compatible for Editor in 0.69 ms, found 3 plugins.
Preloading 0 native plugins for Editor in 0.00 ms.
Mono: successfully reloaded assembly
- Completed reload, in  1.038 seconds
Domain Reload Profiling:
	ReloadAssembly (1039ms)
		BeginReloadAssembly (124ms)
			ExecutionOrderSort (0ms)
			DisableScriptedObjects (7ms)
			BackupInstance (0ms)
			ReleaseScriptingObjects (0ms)
			CreateAndSetChildDomain (19ms)
		EndReloadAssembly (807ms)
			LoadAssemblies (96ms)
			RebuildTransferFunctionScriptingTraits (0ms)
			SetupTypeCache (266ms)
			ReleaseScriptCaches (1ms)
			RebuildScriptCaches (52ms)
			SetupLoadedEditorAssemblies (364ms)
				LogAssemblyErrors (0ms)
				InitializePlatformSupportModulesInManaged (8ms)
				SetLoadedEditorAssemblies (1ms)
				RefreshPlugins (1ms)
				BeforeProcessingInitializeOnLoad (93ms)
				ProcessInitializeOnLoadAttributes (224ms)
				ProcessInitializeOnLoadMethodAttributes (29ms)
				AfterProcessingInitializeOnLoad (9ms)
				EditorAssembliesLoaded (0ms)
			ExecutionOrderSort2 (0ms)
			AwakeInstancesAfterBackupRestoration (6ms)
Platform modules already initialized, skipping
========================================================================
Worker process is ready to serve import requests
Launched and connected shader compiler UnityShaderCompiler.exe after 0.05 seconds
Refreshing native plugins compatible for Editor in 0.66 ms, found 3 plugins.
Preloading 0 native plugins for Editor in 0.00 ms.
Unloading 3368 Unused Serialized files (Serialized files now loaded: 0)
Unloading 27 unused Assets / (111.0 KB). Loaded Objects now: 3825.
Memory consumption went from 115.8 MB to 115.7 MB.
Total: 3.826300 ms (FindLiveObjects: 0.313800 ms CreateObjectMapping: 0.267100 ms MarkObjects: 3.131500 ms  DeleteObjects: 0.112800 ms)

AssetImportParameters requested are different than current active one (requested -> active):
  custom:video-decoder-ogg-theora: a1e56fd34408186e4bbccfd4996cb3dc -> 
  custom:container-muxer-webm: aa71ff27fc2769a1b78a27578f13a17b -> 
  custom:container-demuxer-webm: 4f35f7cbe854078d1ac9338744f61a02 -> 
  custom:video-encoder-webm-vp8: eb34c28f22e8b96e1ab97ce403110664 -> 
  custom:audio-encoder-webm-vorbis: bf7c407c2cedff20999df2af8eb42d56 -> 
  custom:framework-win-MediaFoundation: 216162199b28c13a410421893ffa2e32 -> 
  custom:container-demuxer-ogg: 62fdf1f143b41e24485cea50d1cbac27 -> 
  custom:video-decoder-webm-vp8: 9c59270c3fd7afecdb556c50c9e8de78 -> 
  custom:audio-decoder-ogg-vorbis: bf7c407c2cedff20999df2af8eb42d56 -> 
========================================================================
Received Import Request.
  Time since last request: 1302045.032772 seconds.
  path: Assets/InventoryGridIcons/ico_GearItem__CigarettePackHappiness.png
  artifactKey: Guid(9308dfe7f57261d4b933640fe29e2690) Importer(815301076,1909f56bfc062723c751e8b465ee728b)
Start importing Assets/InventoryGridIcons/ico_GearItem__CigarettePackHappiness.png using Guid(9308dfe7f57261d4b933640fe29e2690) Importer(815301076,1909f56bfc062723c751e8b465ee728b)  -> (artifact id: 'a94e9042d8f252195e39edc3f39fbe1e') in 0.114533 seconds 
========================================================================
Received Import Request.
  Time since last request: 0.000019 seconds.
  path: Assets/InventoryGridIcons
  artifactKey: Guid(14b39f4b91d9ef54bb9952321ea178cc) Importer(815301076,1909f56bfc062723c751e8b465ee728b)
Start importing Assets/InventoryGridIcons using Guid(14b39f4b91d9ef54bb9952321ea178cc) Importer(815301076,1909f56bfc062723c751e8b465ee728b)  -> (artifact id: 'd88268eae3780db83b5c387c9544e993') in 0.001779 seconds 
========================================================================
Received Import Request.
  Time since last request: 0.000021 seconds.
  path: Assets/InventoryGridIcons/ico_GearItem__CigarettePackMenthol.png
  artifactKey: Guid(5927c920b4cfad64e99b39c3d6ea7076) Importer(815301076,1909f56bfc062723c751e8b465ee728b)
Start importing Assets/InventoryGridIcons/ico_GearItem__CigarettePackMenthol.png using Guid(5927c920b4cfad64e99b39c3d6ea7076) Importer(815301076,1909f56bfc062723c751e8b465ee728b)  -> (artifact id: 'b9cbb49dff2a0389995688653cf558d8') in 0.012741 seconds 
========================================================================
Received Import Request.
  Time since last request: 0.000019 seconds.
  path: Assets/InventoryGridIcons/ico_GearItem__CigarettePackCamel.png
  artifactKey: Guid(4967aea65391c724b80be679eda34407) Importer(815301076,1909f56bfc062723c751e8b465ee728b)
Start importing Assets/InventoryGridIcons/ico_GearItem__CigarettePackCamel.png using Guid(4967aea65391c724b80be679eda34407) Importer(815301076,1909f56bfc062723c751e8b465ee728b)  -> (artifact id: 'cb7c8ebadf343cecf19709c0fbe1dff2') in 0.010140 seconds 
========================================================================
Received Import Request.
  Time since last request: 23.179316 seconds.
  path: Assets/Models/Cigarette00.asset
  artifactKey: Guid(c478a39d825aa2849bc935d8195ebb1a) Importer(815301076,1909f56bfc062723c751e8b465ee728b)
Start importing Assets/Models/Cigarette00.asset using Guid(c478a39d825aa2849bc935d8195ebb1a) Importer(815301076,1909f56bfc062723c751e8b465ee728b)  -> (artifact id: '070ec2947712b3962a9799a1b8f46a00') in 0.285820 seconds 
========================================================================
Received Import Request.
  Time since last request: 0.000023 seconds.
  path: Assets/Models/Fuel Adjuster.asset
  artifactKey: Guid(628a1de83bfbb0346942c18c1de700f4) Importer(815301076,1909f56bfc062723c751e8b465ee728b)
Start importing Assets/Models/Fuel Adjuster.asset using Guid(628a1de83bfbb0346942c18c1de700f4) Importer(815301076,1909f56bfc062723c751e8b465ee728b)  -> (artifact id: '4c1363ecbd9e3e4da199329a258a01da') in 0.009986 seconds 
========================================================================
Received Import Request.
  Time since last request: 0.000029 seconds.
  path: Assets/Models/Cigarette03.asset
  artifactKey: Guid(8d8ca14f5ca30fd4c8b90ffa751a4967) Importer(815301076,1909f56bfc062723c751e8b465ee728b)
Start importing Assets/Models/Cigarette03.asset using Guid(8d8ca14f5ca30fd4c8b90ffa751a4967) Importer(815301076,1909f56bfc062723c751e8b465ee728b)  -> (artifact id: 'e19364994edf2c4db72fe1de8c18003c') in 0.009004 seconds 
========================================================================
Received Import Request.
  Time since last request: 0.000022 seconds.
  path: Assets/Models/Cigarette_01.prefab
  artifactKey: Guid(7bce53271a2f64c46a0a975370c42516) Importer(815301076,1909f56bfc062723c751e8b465ee728b)
Start importing Assets/Models/Cigarette_01.prefab using Guid(7bce53271a2f64c46a0a975370c42516) Importer(815301076,1909f56bfc062723c751e8b465ee728b)  -> (artifact id: '0fa77d9ea9c65521be33aec79a4f840e') in 0.048070 seconds 
========================================================================
Received Import Request.
  Time since last request: 0.000025 seconds.
  path: Assets/Models/Cigarette16.asset
  artifactKey: Guid(73bf89a7adf77ae41ae766179724e679) Importer(815301076,1909f56bfc062723c751e8b465ee728b)
Start importing Assets/Models/Cigarette16.asset using Guid(73bf89a7adf77ae41ae766179724e679) Importer(815301076,1909f56bfc062723c751e8b465ee728b)  -> (artifact id: 'c7a00c0d2e1f95d3ab437eab8b137a1f') in 0.012456 seconds 
========================================================================
Received Import Request.
  Time since last request: 0.000023 seconds.
  path: Assets/Models/Cigarette13.asset
  artifactKey: Guid(c160a7d24951d9149b772ef2a2cfbbb0) Importer(815301076,1909f56bfc062723c751e8b465ee728b)
Start importing Assets/Models/Cigarette13.asset using Guid(c160a7d24951d9149b772ef2a2cfbbb0) Importer(815301076,1909f56bfc062723c751e8b465ee728b)  -> (artifact id: '11d842aa296bc53894536503cb1c863b') in 0.012984 seconds 
========================================================================
Received Import Request.
  Time since last request: 0.000023 seconds.
  path: Assets/Models/CigarettesPack_LuckyStrike_4.prefab
  artifactKey: Guid(95b7340531937354dbd1435414a23167) Importer(815301076,1909f56bfc062723c751e8b465ee728b)
Start importing Assets/Models/CigarettesPack_LuckyStrike_4.prefab using Guid(95b7340531937354dbd1435414a23167) Importer(815301076,1909f56bfc062723c751e8b465ee728b)  -> (artifact id: '56e03778d4b3c0ea9dec43d530159b34') in 0.028459 seconds 
========================================================================
Received Import Request.
  Time since last request: 0.000020 seconds.
  path: Assets/Models/Cigarette07.asset
  artifactKey: Guid(824fa42115e53894f8147721ff4db5f8) Importer(815301076,1909f56bfc062723c751e8b465ee728b)
Start importing Assets/Models/Cigarette07.asset using Guid(824fa42115e53894f8147721ff4db5f8) Importer(815301076,1909f56bfc062723c751e8b465ee728b)  -> (artifact id: '04949f324146f1f35adeb01cfca357f0') in 0.009407 seconds 
========================================================================
Received Import Request.
  Time since last request: 0.000029 seconds.
  path: Assets/Models/Cigarette18.asset
  artifactKey: Guid(570bcfa5305284c4fb2cd0347f2df54c) Importer(815301076,1909f56bfc062723c751e8b465ee728b)
Start importing Assets/Models/Cigarette18.asset using Guid(570bcfa5305284c4fb2cd0347f2df54c) Importer(815301076,1909f56bfc062723c751e8b465ee728b)  -> (artifact id: '2a982c9e75b29ddfd2d61dff0a029089') in 0.007747 seconds 
========================================================================
Received Import Request.
  Time since last request: 0.000023 seconds.
  path: Assets/Models/Cigarette11.asset
  artifactKey: Guid(3f9bbe46c56b06541811a182cd9372e9) Importer(815301076,1909f56bfc062723c751e8b465ee728b)
Start importing Assets/Models/Cigarette11.asset using Guid(3f9bbe46c56b06541811a182cd9372e9) Importer(815301076,1909f56bfc062723c751e8b465ee728b)  -> (artifact id: 'bf0e526ca22efb902b335b6737d71ae3') in 0.009488 seconds 
========================================================================
Received Import Request.
  Time since last request: 0.000028 seconds.
  path: Assets/Models/Cigarette04.asset
  artifactKey: Guid(9ac47cca4e223cc4a96dd878df5c7221) Importer(815301076,1909f56bfc062723c751e8b465ee728b)
Start importing Assets/Models/Cigarette04.asset using Guid(9ac47cca4e223cc4a96dd878df5c7221) Importer(815301076,1909f56bfc062723c751e8b465ee728b)  -> (artifact id: '6f8aee736687eca0562bed55821825d7') in 0.009561 seconds 
========================================================================
Received Import Request.
  Time since last request: 0.000027 seconds.
  path: Assets/Models/Cigarette19.asset
  artifactKey: Guid(4bba6dd6a2715894ca4de34a9c2daf75) Importer(815301076,1909f56bfc062723c751e8b465ee728b)
Start importing Assets/Models/Cigarette19.asset using Guid(4bba6dd6a2715894ca4de34a9c2daf75) Importer(815301076,1909f56bfc062723c751e8b465ee728b)  -> (artifact id: '319a1d28a9ca49b7ce32b5875544bcba') in 0.010250 seconds 
========================================================================
Received Import Request.
  Time since last request: 0.000027 seconds.
  path: Assets/Models/CigarettesPack_LuckyStrike_20_LOD1.asset
  artifactKey: Guid(eccac63eda21e7f418cd216238fe6892) Importer(815301076,1909f56bfc062723c751e8b465ee728b)
Start importing Assets/Models/CigarettesPack_LuckyStrike_20_LOD1.asset using Guid(eccac63eda21e7f418cd216238fe6892) Importer(815301076,1909f56bfc062723c751e8b465ee728b)  -> (artifact id: '79bcf0e2989f9f0f84fa0f9594b206c1') in 0.009321 seconds 
========================================================================
Received Import Request.
  Time since last request: 0.000034 seconds.
  path: Assets/Models/Cigarette17.asset
  artifactKey: Guid(c0bb0b703951c824ea4ae3c18357c39f) Importer(815301076,1909f56bfc062723c751e8b465ee728b)
Start importing Assets/Models/Cigarette17.asset using Guid(c0bb0b703951c824ea4ae3c18357c39f) Importer(815301076,1909f56bfc062723c751e8b465ee728b)  -> (artifact id: '27316fb6e021a516480e447ed58a52d6') in 0.009813 seconds 
========================================================================
Received Import Request.
  Time since last request: 0.000035 seconds.
  path: Assets/Models/Lighter_FBX.prefab
  artifactKey: Guid(87f8c5dc8a8020140b83ce486b68ab68) Importer(815301076,1909f56bfc062723c751e8b465ee728b)
Start importing Assets/Models/Lighter_FBX.prefab using Guid(87f8c5dc8a8020140b83ce486b68ab68) Importer(815301076,1909f56bfc062723c751e8b465ee728b)  -> (artifact id: '3d672d9285f13b124b9ddcc0e83449dd') in 0.019790 seconds 
========================================================================
Received Import Request.
  Time since last request: 0.000026 seconds.
  path: Assets/Models/MainPack.asset
  artifactKey: Guid(25e98947d7fb80947a28b3acb83b804d) Importer(815301076,1909f56bfc062723c751e8b465ee728b)
Start importing Assets/Models/MainPack.asset using Guid(25e98947d7fb80947a28b3acb83b804d) Importer(815301076,1909f56bfc062723c751e8b465ee728b)  -> (artifact id: '9d0843769e28479ce51622b1ce68eb74') in 0.009615 seconds 
========================================================================
Received Import Request.
  Time since last request: 15.106317 seconds.
  path: Assets/Prefabs/GEAR_CigarettePackCamel.prefab
  artifactKey: Guid(f5674614fa2b9584780bcb1b64c30666) Importer(815301076,1909f56bfc062723c751e8b465ee728b)
Start importing Assets/Prefabs/GEAR_CigarettePackCamel.prefab using Guid(f5674614fa2b9584780bcb1b64c30666) Importer(815301076,1909f56bfc062723c751e8b465ee728b)  -> (artifact id: '8e0de03aebc7556f758995bbe33d8f86') in 0.025922 seconds 
========================================================================
Received Import Request.
  Time since last request: 0.000024 seconds.
  path: Assets/Prefabs/GEAR_CigarettePackMenthol.prefab
  artifactKey: Guid(2e5d76f541dcc0947b4131465274718a) Importer(815301076,1909f56bfc062723c751e8b465ee728b)
Start importing Assets/Prefabs/GEAR_CigarettePackMenthol.prefab using Guid(2e5d76f541dcc0947b4131465274718a) Importer(815301076,1909f56bfc062723c751e8b465ee728b)  -> (artifact id: '2dc1c8a76a1bcf643af31f66c49127c0') in 0.016074 seconds 
========================================================================
Received Import Request.
  Time since last request: 0.000027 seconds.
  path: Assets/Prefabs/GEAR_Lighter.prefab
  artifactKey: Guid(6db7f6c7cc5616f4c937fa48fdef4dfd) Importer(815301076,1909f56bfc062723c751e8b465ee728b)
Start importing Assets/Prefabs/GEAR_Lighter.prefab using Guid(6db7f6c7cc5616f4c937fa48fdef4dfd) Importer(815301076,1909f56bfc062723c751e8b465ee728b)  -> (artifact id: 'c92a7cebfad1771dcb78427e770e11df') in 0.033643 seconds 
========================================================================
Received Import Request.
  Time since last request: 60.943665 seconds.
  path: Assets/Models/textures/cig_text.png
  artifactKey: Guid(1434fbacb0dbc4b4eb811fb48ff5da5c) Importer(815301076,1909f56bfc062723c751e8b465ee728b)
Start importing Assets/Models/textures/cig_text.png using Guid(1434fbacb0dbc4b4eb811fb48ff5da5c) Importer(815301076,1909f56bfc062723c751e8b465ee728b)  -> (artifact id: '9e304640ca6de33bdd262c88d3973473') in 0.008045 seconds 
========================================================================
Received Import Request.
  Time since last request: 0.003521 seconds.
  path: Assets/Models/textures/lighter.png
  artifactKey: Guid(ef3c1cd3b46195a4096972ee474bbc8e) Importer(815301076,1909f56bfc062723c751e8b465ee728b)
Start importing Assets/Models/textures/lighter.png using Guid(ef3c1cd3b46195a4096972ee474bbc8e) Importer(815301076,1909f56bfc062723c751e8b465ee728b)  -> (artifact id: 'd59178823fd61e0e4df6993265aa1acb') in 0.025322 seconds 
========================================================================
Received Import Request.
  Time since last request: 0.000025 seconds.
  path: Assets/Models/textures/US_Cigarettes_WWII_Material_BaseColor.png
  artifactKey: Guid(b92c17fe14fd4e242b4e4fbec0c7dad8) Importer(815301076,1909f56bfc062723c751e8b465ee728b)
Start importing Assets/Models/textures/US_Cigarettes_WWII_Material_BaseColor.png using Guid(b92c17fe14fd4e242b4e4fbec0c7dad8) Importer(815301076,1909f56bfc062723c751e8b465ee728b)  -> (artifact id: 'dbd0616c07dad2138847b0f4c9f79292') in 0.030652 seconds 
========================================================================
Received Import Request.
  Time since last request: 1.811690 seconds.
  path: Assets/Models/materials/camel2.mat
  artifactKey: Guid(3f5b0d5701bba8f469371f04db32bbae) Importer(815301076,1909f56bfc062723c751e8b465ee728b)
Start importing Assets/Models/materials/camel2.mat using Guid(3f5b0d5701bba8f469371f04db32bbae) Importer(815301076,1909f56bfc062723c751e8b465ee728b)  -> (artifact id: 'ec9fbc528fe0a81c604cec6c01bd8170') in 0.022359 seconds 
========================================================================
Received Import Request.
  Time since last request: 0.000032 seconds.
  path: Assets/Models/materials/doha_upMat.mat
  artifactKey: Guid(0d034e0144dc65e4a86eedf79fe520c3) Importer(815301076,1909f56bfc062723c751e8b465ee728b)
Start importing Assets/Models/materials/doha_upMat.mat using Guid(0d034e0144dc65e4a86eedf79fe520c3) Importer(815301076,1909f56bfc062723c751e8b465ee728b)  -> (artifact id: '64165cc816cb8cdecb1908b774f7bcef') in 0.009643 seconds 
========================================================================
Received Import Request.
  Time since last request: 0.000024 seconds.
  path: Assets/Models/materials/cigarette.mat
  artifactKey: Guid(05a50530f15b00a4abe9bcabdd5ea41c) Importer(815301076,1909f56bfc062723c751e8b465ee728b)
Start importing Assets/Models/materials/cigarette.mat using Guid(05a50530f15b00a4abe9bcabdd5ea41c) Importer(815301076,1909f56bfc062723c751e8b465ee728b)  -> (artifact id: '592e2f0413193b184f266285999f92f3') in 0.008345 seconds 
========================================================================
Received Import Request.
  Time since last request: 0.000028 seconds.
  path: Assets/Models/materials/doha_downMat.mat
  artifactKey: Guid(413f81744e3ab1b44992f8934cef52f9) Importer(815301076,1909f56bfc062723c751e8b465ee728b)
Start importing Assets/Models/materials/doha_downMat.mat using Guid(413f81744e3ab1b44992f8934cef52f9) Importer(815301076,1909f56bfc062723c751e8b465ee728b)  -> (artifact id: 'c1ca915fdd3cc604e77b0f5fa60f990b') in 0.010025 seconds 
========================================================================
Received Import Request.
  Time since last request: 0.000026 seconds.
  path: Assets/Models/materials/US_Cigarettes_WWII_Material.mat
  artifactKey: Guid(1ecc6f6e1e80428488e6852420b3fbaa) Importer(815301076,1909f56bfc062723c751e8b465ee728b)
Start importing Assets/Models/materials/US_Cigarettes_WWII_Material.mat using Guid(1ecc6f6e1e80428488e6852420b3fbaa) Importer(815301076,1909f56bfc062723c751e8b465ee728b)  -> (artifact id: 'c5b858ebb13dfd77a214daaec4cf535a') in 0.009007 seconds 
Editor requested this worker to shutdown with reason: Scaling down because of idle timeout
AssetImportWorker is now disconnected from the server
Process exiting
Exiting without the bug reporter. Application will terminate with return code 0